[    0.0000 Initiliin croup subyscpse
[    00000 Iniiaizngcgoup susy cpu
[   0.000000 Initiling cgrupsusy cpuacct
[  0.0000 Luxersion 44.143-gneic (uidd@lgw01-am64041)(gc verio 54.0 20069 Ubntu 5.4.-6unu1~16.0410 ) #9-Ubuntu SMP Thu Feb 7 07:56:38 UTC 2019 (Ubuntu 4.4.0-143.169-generic 4.4.170)
[    0.000000] Command line: BOOT_IMAGE=/boot/vmlinuz-4.4.0-143-generic root=LABEL=cloudimg-rootfs ro console=tty1 console=ttyS0
[    0.000000] KERNEL supported cpus:
[    0.000000]   Intel GenuineIntel
[    0.000000]   AMD AuthenticAMD
[    0.000000]   Centaur CentaurHauls
[    0.000000] x86/fpu: xstate_offset[2]:  576, xstate_sizes[2]:  256
[    0.00000] x86/fpu: Supporting XSAVE feature 0x01: 'x87 floating point registers'
[    0.000000] x86/fpu: Supporting XSAVE feature 0x02: 'SSE registers'
[    0.000000] x86/fpu: Supporting XSAVE feature 0x04: 'AVX registers'
[    0.000000] x86/fpu: Enabled xstate features 0x7, context size is 832 bytes, using 'standard' format.
[    0.000000] e820: BIOS-provided physical RAM map:
[    0.000000] BIOS-e820: [mem 0x0000000000000000-0x000000000009fbff] usable
[    0.000000] BIOS-e820: [mem 0x000000000009fc00-0x000000000009ffff] reserved
[    0.000000] BIOS-e820: [mem 0x00000000000f0000-0x00000000000fffff] reserved
[    0.000000] BIOS-e820: [mem 0x0000000000100000-0x000000003ffeffff]usable
[    0.000000] BIOS-e820: [mem 0x000000003fff0000-0x000000003fffffff] ACPI data
[    0.000000] BIOS-e820: [mem 0x00000000fec00000-0x00000000fec00fff] reserved
[    0.000000] BIOS-e820: [mem 0x00000000fee00000-0x00000000fee00fff] reserved
[    0.000000] BIOS-e820: [mem 0x00000000fffc0000-0x00000000ffffffff] reeseve
[   0.0000]  (Execteisble) proecio: acive
[   00000] SBIS .5prsent.
[   000000 Hyperis dteted:KV
[   0.0000] 820: as_pn  03ff0max_arch_pfn = 0x00000
[   00000] MTRR: isabl
   0.00000] 86PA: MTRRs isbled,skping PATiniaizatio too
   0000000] PUTRRsall blank- virtualized system.
[    0.000000] x86/PAT: Configuration [0-7]: WB  WT  UC- UC  WB  WT  UC- UC  
[    0.000000] found SMP MP-table at [mem 0x0009fff0-0x0009ffff] mapped at [ffff88000009fff0]
[    0.000000] Scanning 1 areas for low memory corruption
[    0.000000] RAMDISK: [mem 0x36300000-0x37177fff]
[    0.000000] ACPI: Early table checksum verification disabled
[    0.00000] ACPI: RSDP 0x00000000000E0000 000024 (v02 VBOX  )
[    0.000000] ACPI: XSDT 0x000000003FFF0030 0003C (v01 VBOX   VBOXXSDT 00000001 ASL  00000061)
[    0.000000] ACPI: FACP 0x000000003FFF00F0 0000F4 (v04 VBOX   VBOXFACP 00000001 ASL  00000061)
[    0.000000] ACPI: DSDT 0x000000003FFF0470 0021FF (vv02 VBOX   VBOXBIOS 00000002 INTL 20100528)
[    0.000000] ACPI: FACS 0x000000003FFF0200 000040
[    0.000000] ACPI: FACS 0x000000003FFF0200 000040
[    0.000000] ACPI: APIC 0x000000003FFF0240 00005C (v02 VBOX   VBOXAPIC 00000001 ASL  00000061)
[    0.000000] ACPI: SSDT 0x000000003FFF02A0 0001CC (v01 VBOX   VBOXCPUT 00000002 INTL 20100528)
[    0.000000] No NUMA configuration found
[    0.000000] Faking a node at [mem 0x0000000000000000-0x000000003ffeffff]
[    0.000000] NODE_DATA(0) allocated [mem 0x3ffeb000-0x3ffeffff]
[    0.00000] vmlock: Usngmss b54d1 ndb54d00
[  0.0000] kvm-lok:cp 0, ms0:ff301, primar c coc
[   0.0000 kvm-clok:usg sched ofseof366199433 yces
[    .00000 cocsource: vmlok: mask:0xffffffffff mx_ycles:0xcd2efffb, max_ie_: 81590591483 s   0.00000 Zon rangs:
[    0.00000]   DM      [mem 0x0000000000001000-0x0000000000ffffff]
[    0.000000]   DMA32    [mem 0x0000000001000000-0x000000003ffeffff]
[    0.000000]   Normal   empty
[    0.000000]   Device   empty
[    0.000000] Movable zone start for each node
[    0.000000] Early memory node ranges
[    0.000000]   node  0: [mem 0x0000000000001000-0x000000000009efff]
[    0.000000]   node   0: [mem 0x0000000000100000-0x000000003ffeffff]
[    0.000000] Initmem setup node 0 [mem 0x0000000000001000-0x000000003ffeffff]
[    0.000000] ACPI: PM-Timer IO Port: 0x4008
[    0.000000] IOAPIC[0]: apic_id 2, version 32, address 0xfec00000, GSI 0-23
[    0.000000] ACPI: INT_SRC_OVR (bus 0 b_i 0globalir 2fldfl)
[   .0000] ACPI: INTSR_OR buss 0buirq  gloalir 9low leve)[   0.0000 UingACI MAT)for SM cnfguation inormaon
[    00000 smpboot Aowng 2 CUs0 otplugCPs[   0.000000 P Regsterednovememo: me 00000000-x0000fff]
[    0.000000]PM: Registered nosav memory: [mem 0x0009f000-0x0009ffff]
[    0.000000] PM: Registered nosave memory: [mem 0x000a0000-0x000effff]
[    0.000000] PM: Registered nosave memory: [mem 0x000f0000-0x000fffff]
[    0.000000] 820: [mem 0x40000000-0xfebfffff] available for PCI devices
[    0.000000] Booting paravirtualized kernel on KVM
[    0.000000] clocksource: refined-jiffies: mask: 0xffffffff max_cycles: 0xffffffff, max_idle_ns: 7645519600211568 ns
[    0.000000] setup_percpu: NR_CPUS:512 nr_cpumask_bits:512 nr_cpu_ids:2 nr_node_ids:1
[    0.000000] PERCPU: Embedded 34 pages/cpu @ffff88003fc00000 s99480 r8192 d31592 u1048576
[    0.000000] Built 1 zonelists in Node order, mobility grouping on.  Total pages: 257912
[    0.000000] Policy zone: DMA32
[    0.000000] Kernel command line: BOOT_IMAGE=/boot/vmlinuz-4.4.0-143-generic root=LABEL=cloudimg-rootfs ro console=tty1 console=ttyS0
[    0.000000] PID hash table entries: 4096 (order: 3, 32768 bytes)
[    0.000000] emy:99776K/1048120K valable (868Kkene cde, 1332 rdaa,4008K roat, 48K init, 116bs, 50404Krervd,0K cmareered
[    00000] LUB: Halign64 Oder=0-, inbjcts=0,CPs=, odes=1
  0.00000] Krn/Uer page abessolaion: eabd
[   000000] Hiercicl R iplmentation
[    0.000000] 	Build-time adjustment of leaf fanout to 64.
[    0.000000] 	RCU restricting CPUs from NR_CPUS=512 to nr_cpu_ids=2.
[    0.000000] RCU: Adjusting geometry for rcu_fanout_leaf=64, nr_cpu_ids=2
[    0.000000] NR_IRQS:33024 nr_irqs:440 16
[    0.000000] Console: colour VGA+ 80x25
[    0.000000] console [tty1] enabled
[    0.000000] console [ttyS0] enabled
[    0.000000] tsc: Detected 2808.000 MHz processor
[    5.344994] Calibrating delay loop (skipped) preset value.. 5616.00 BogoMIPS (lpj=11232000)
[    5.352020] pid_max: default: 32768 minimum: 301
[    5.353487] ACPI: Core revision 20150930
[    5.355650] ACPI: 2 ACPI AML tables successfully acquired and loaded
[    5.361917] Security Framework initialized
[    5.363220] Yama: becoming mindful.
[    5.364433] AppArmor: AppArmor initialized
[    5.367161] Dentry cache hash table entries: 131072 (order: 8, 1048576 bytes)
[    5.370903] Inode-cache hash table entries: 65536 (order: 7, 524288 bytes)
[    5.373939] Mount-cache hash table entries: 2048 (order: 2, 16384 bytes)
[    5.375716] Mountpoint-cache hash table entries: 2048 (order: 2, 16384 bytes)
[    5.377749] Initializing cgroup subsys io
[    5.379040] Initializing cgroup subsys memory
[    5.380374] Initializing cgroup subsys devices
[    5.381680] Initializing cgroup subsys freezer
[    5.383096] Initializing cgroup subsys net_cls
[    5.384355] Initializing cgroup subsys perf_event
[    5.432084] Initializing cgroup subsys net_prio
[    5.514201] Initializing cgroup subsys hugetlb
[    5.595609] Initializing cgroup subsys pids
[    5.643775] mce: CPU supports 0 MCE banks
[    5.714537] Last level iTLB entries: 4KB 64, 2MB 8, 4MB 8
[    5.743132] Last level dTLB entries: 4KB 64, 2MB 0, 4MB 0, 1GB 4
[    5.745751] Spectre V2 : Mitigation: Full generic retpoline
[    5.753229] Spectre V2 : Spectre v2 / SpectreRSB mitigation: Filling RSB on context switch
[    5.756673] Speculative Store Bypass: Vulnerable
[    5.792484] Freeing SMP alternatives memory: 32K
[    5.861205] ftrace: allocating 32278 entries in 127 pages
[    5.986936] smpboot: APIC(0) Converting physical 0 to logical package 0
[    6.060246] smpboot: Max logical packages: 1
[    6.094918] x2apic enabled
[    6.138369] Switched APIC routing to physical x2apic.
[    6.229696] ..TIMER: vector=0x30 apic1=0 pin1=2 apic2=-1 pin2=-1
[    6.437604] smpboot: CPU0: Intel(R) Core(TM) i7-7700HQ CPU @ 2.80GHz (family: 0x6, model: 0x9e, stepping: 0x9)
[    6.441380] Performance Events: unsupported p6 CPU model 158 no PMU driver, software events only.
[    6.453283] KVM setup paravirtual spinlock
[    6.455933] x86: Booting SMP configuration:
[    6.457253] .... node  #0, CPUs:      #1
[    6.459974] kvm-clock: cpu 1, msr 0:3ffe3041, secondary cpu clock
[    6.462881] mce: CPU supports 0 MCE banks
[    6.466203] x86: Booted up 1 node, 2 CPUs
[    6.468207] smpboot: Total of 2 processors activated (11232.00 BogoMIPS)
[    6.470944] devtmpfs: initialized
[    6.473758] evm: security.selinux
[    6.474947] evm: security.SMACK64
[    6.475943] evm: security.SMACK64EXEC
[    6.477012] evm: security.SMACK64TRANSMUTE
[    6.478180] evm: security.SMACK64MMAP
[    6.479283] evm: security.ima
[    6.480172] evm: security.capability
[    6.481389] clocksource: jiffies: mask: 0xffffffff max_cycles: 0xffffffff, max_idle_ns: 7645041785100000 ns
[    6.484010] futex hash table entries: 512 (order: 3, 32768 bytes)
[    6.485715] pinctrl core: initialized pinctrl subsystem
[    6.540335] RTC time: 10:42:36, date: 03/22/19
[    6.583479] NET: Registered protocol family 16
[    6.654947] cpuidle: using governor ladder
[    6.718909] cpuidle: using governor menu
[    6.762963] PCCT header not found.
[    6.791910] ACPI: bus type PCI registered
[    6.834274] acpiphp: ACPI Hot Plug PCI Controller Driver version: 0.5
[    6.912063] PCI: Using configuration type 1 for base access
[    6.989715] ACPI: Added _OSI(Module Device)
[    7.034492] ACPI: Added _OSI(Processor Device)
[    7.090431] ACPI: Added _OSI(3.0 _SCP Extensions)
[    7.151000] ACPI: Added _OSI(Processor Aggregator Device)
[    7.208633] ACPI: Executed 1 blocks of module-level executable AML code
[    7.288671] ACPI: Interpreter enabled
[    7.330615] ACPI: (supports S0 S5)
[    7.366889] ACPI: Using IOAPIC for interrupt routing
[    7.420616] PCI: Using host bridge windows from ACPI; if necessary, use "pci=nocrs" and report a bug
[    7.521134] ACPI: PCI Root Bridge [PCI0] (domain 0000 [bus 00-ff])
[    7.528488] acpi PNP0A03:00: _OSC: OS supports [ASPM ClockPM Segments MSI]
[    7.531071] acpi PNP0A03:00: _OSC: not requesting OS control; OS requires [ExtendedConfig ASPM ClockPM MSI]
[    7.534222] acpi PNP0A03:00: fail to add MMCONFIG information, can't access extended PCI configuration space under this bridge.
[    7.538129] PCI host bridge to bus 0000:00
[    7.539651] pci_bus 0000:00: root bus resource [io  0x0000-0x0cf7 window]
[    7.542060] pci_bus 0000:00: root bus resource [io  0x0d00-0xffff window]
[    7.544387] pci_bus 0000:00: root bus resource [mem 0x000a0000-0x000bffff window]
[    7.547819] pci_bus 0000:00: root bus resource [mem 0x40000000-0xfdffffff window]
[    7.552117] pci_bus 0000:00: root bus resource [bus 00-ff]
[    7.557392] pci 0000:00:01.1: legacy IDE quirk: reg 0x10: [io  0x01f0-0x01f7]
[    7.560161] pci 0000:00:01.1: legacy IDE quirk: reg 0x14: [io  0x03f6]
[    7.562165] pci 0000:00:01.1: legacy IDE quirk: reg 0x18: [io  0x0170-0x0177]
[    7.564672] pci 0000:00:01.1: legacy IDE quirk: reg 0x1c: [io  0x0376]
[    7.582262] pci 0000:00:07.0: quirk: [io  0x4000-0x403f] claimed by PIIX4 ACPI
[    7.648417] pci 0000:00:07.0: quirk: [io  0x4100-0x410f] claimed by PIIX4 SMB
[    7.749974] ACPI: PCI Interrupt Link [LNKA] (IRQs 5 9 10 *11)
[    7.822817] ACPI: PCI Interrupt Link [LNKB] (IRQs 5 9 *10 11)
[    7.888313] ACPI: PCI Interrupt Link [LNKC] (IRQs 5 *9 10 11)
[    7.942227] ACPI: PCI Interrupt Link [LNKD] (IRQs 5 9 10 *11)
[    8.007331] ACPI: Enabled 2 GPEs in block 00 to 07
[    8.055419] vgaarb: setting as boot device: PCI:0000:00:02.0
[    8.119641] vgaarb: device added: PCI:0000:00:02.0,decodes=io+mem,owns=io+mem,locks=none
[    8.217875] vgaarb: loaded
[    8.267138] vgaarb: bridge control possible 0000:00:02.0
[    8.332132] SCSI subsystem initialized
[    8.368977] ACPI: bus type USB registered
[    8.420798] usbcore: registered new interface driver usbfs
[    8.482256] usbcore: registered new interface driver hub
[    8.544776] usbcore: registered new device driver usb
[    8.614012] PCI: Using ACPI for IRQ routing
[    8.628945] NetLabel: Initializing
[    8.630143] NetLabel:  domain hash size = 128
[    8.631527] NetLabel:  protocols = UNLABELED CIPSOv4
[    8.633596] NetLabel:  unlabeled traffic allowed by default
[    8.635775] amd_nb: Cannot enumerate AMD northbridges
[    8.637360] clocksource: Switched to clocksource kvm-clock
[    8.646853] AppArmor: AppArmor Filesystem Enabled
[    8.648855] pnp: PnP ACPI init
[    8.651734] pnp: PnP ACPI: found 3 devices
[    8.665192] clocksource: acpi_pm: mask: 0xffffff max_cycles: 0xffffff, max_idle_ns: 2085701024 ns
[    8.668637] NET: Registered protocol family 2
[    8.670326] TCP established hash table entries: 8192 (order: 4, 65536 bytes)
[    8.672463] TCP bind hash table entries: 8192 (order: 5, 131072 bytes)
[    8.674739] TCP: Hash tables configured (established 8192 bind 8192)
[    8.676509] UDP hash table entries: 512 (order: 2, 16384 bytes)
[    8.678107] UDP-Lite hash table entries: 512 (order: 2, 16384 bytes)
[    8.679807] NET: Registered protocol family 1
[    8.681025] pci 0000:00:00.0: Limiting direct PCI/PCI transfers
[    8.682613] pci 0000:00:01.0: Activating ISA DMA hang workarounds
[    8.684383] Unpacking initramfs...
[    8.875812] Freeing initrd memory: 14816K
[    8.923248] platform rtc_cmos: registered platform RTC device (no PNP device found)
[    9.006136] Scanning for low memory corruption every 60 seconds
[    9.066603] audit: initializing netlink subsys (disabled)
[    9.127138] audit: type=2000 audit(1553251355.471:1): initialized
[    9.194115] Initialise system trusted keyring
[    9.241990] HugeTLB registered 2 MB page size, pre-allocated 0 pages
[    9.312192] zbud: loaded
[    9.343133] VFS: Disk quotas dquot_6.6.0
[    9.383080] VFS: Dquot-cache hash table entries: 512 (order 0, 4096 bytes)
[    9.4212]sqsh: version 4.(20901/3) Phillip Lougher

[    9.730325] fuse init (API version 7.23)
[    9.732491] Key type big_key registered
[    9.733794] Allocating IMA MOK and blacklist keyrings.
[    9.737270] Key type asymmetric registered
[    9.738559] Asymmetric key parser 'x509' registered
[    9.740041] Block layer SCSI generic (bsg) driver version 0.4 loaded (major 249)
[    9.742887] io scheduler noop registered
[    9.744201] io scheduler deadline registered (default)
[    9.747285] io scheduler cfq registered
[    9.748703] pci_hotplug: PCI Hot Plug PCI Core version: 0.5
[    9.750593] pciehp: PCI Express Hot Plug Controller Driver version: 0.4
[    9.753021] ACPI: AC Adapter [AC] (on-line)
[    9.754523] input: Power Button as /devices/LNXSYSTM:00/LNXPWRBN:00/input/input0
[    9.757225] ACPI: Power Button [PWRF]
[    9.759070] input: Sleep Button as /devices/LNXSYSTM:00/LNXSLPBN:00/input/input1
[    9.761598] ACPI: Sleep Button [SLPF]
[    9.769164] GHES: HEST is not enabled!
[    9.771046] ACPI: Battery Slot [BAT0] (battery present)
[    9.772851] Serial: 8250/16550 driver, 32 ports, IRQ sharing enabled
[    9.799457] 00:02: ttyS0 at I/O 0x3f8 (irq = 4, base_baud = 115200) is a 16550A
[    9.922377] tsc: Refined TSC clocksource calibration: 2808.791 MHz
[    9.922378] clocksource: tsc: mask: 0xffffffffffffffff max_cycles: 0x287cb1b2025, max_idle_ns: 440795350033 ns
[   10.281627] Linux agpgart interface v0.103
[   10.363733] loop: module loaded
[   10.475421] scsi host0: ata_piix
[   10.550020] scsi host1: ata_piix
[   10.593064] ata1: PATA max UDMA/33 cmd 0x1f0 ctl 0x3f6 bmdma 0xd000 irq 14
[   10.731965] ata2: PATA max UDMA/33 cmd 0x170 ctl 0x376 bmdma 0xd008 irq 15
[   10.827706] libphy: Fixed MDIO Bus: probed
[   10.843410] tun: Universal TUN/TAP device driver, 1.6
[   10.847280] tun: (C) 1999-2004 Max Krasnyansky <maxk@qualcomm.com>
[   10.849200] PPP generic driver version 2.4.2
[   10.852695] ehci_hcd: USB 2.0 'Enhanced' Host Controller (EHCI) Driver
[   10.862674] ehci-pci: EHCI PCI platform driver
[   10.864296] ehci-platform: EHCI generic platform driver
[   10.866080] ohci_hcd: USB 1.1 'Open' Host Controller (OHCI) Driver
[   10.868003] ohci-pci: OHCI PCI platform driver
[   10.869936] ohci-platform: OHCI generic platform driver
[   10.871723] uhci_hcd: USB Universal Host Controller Interface driver
[   10.875879] i8042: PNP: PS/2 Controller [PNP0303:PS2K,PNP0f03:PS2M] at 0x60,0x64 irq 1,12
[   10.879256] serio: i8042 KBD port at 0x60,0x64 irq 1
[   10.880876] serio: i8042 AUX port at 0x60,0x64 irq 12
[   10.882628] mousedev: PS/2 mouse device common for all mice
[   10.884895] rtc_cmos rtc_cmos: rtc core: registered rtc_cmos as rtc0
[   10.887324] rtc_cmos rtc_cmos: alarms up to one day, 114 bytes nvram
[   10.889078] i2c /dev entries driver
[   10.932860] input: AT Translated Set 2 keyboard as /devices/platform/i8042/serio0/input/input2
[   11.084046] device-mapper: uevent: version 1.0.3
[   11.147814] device-mapper: ioctl: 4.34.0-ioctl (2015-10-28) initialised: dm-devel@redhat.com
[   11.241920] ledtrig-cpu: registered to indicate activity on CPUs
[   11.324324] NET: Registered protocol family 10
[   11.366113] NET: Registered protocol family 17
[   11.413994] Key type dns_resolver registered
[   11.466599] registered taskstats version 1
[   11.512336] Loading compiled-in X.509 certificates
[   11.555683] Loaded X.509 cert 'Build time autogenerated kernel key: d03773f65dd2b75b701d4dd50cb1e8d0c07b3b6e'
[   11.679363] zswap: loaded using pool lzo/zbud
[   11.734113] Key type trusted registered
[   11.777584] Key type encrypted registered
[   11.827091] AppArmor: AppArmor sha1 policy hashing enabled
[   11.889755] ima: No TPM chip found, activating TPM-bypass!
[   11.933759] ima: Allocated hash algorithm: sha1
[   11.945911] evm: HMAC attrs: 0x1
[   11.948094]   Magic number: 11:378:730
[   11.954541] rtc_cmos rtc_cmos: setting system clock to 2019-03-22 10:42:41 UTC (1553251361)
[   11.958395] BIOS EDD facility v0.16 2004-Jun-25, 0 devices found
[   11.960820] EDD information not available.
[   11.964335] Freeing unused kernel memory: 1484K
[   11.981509] Write protecting the kernel read-only data: 14336k
[   12.197780] Freeing unused kernel memory: 1620K
[   12.943238] Freeing unused kernel memory: 88K
Loading, please wait...
[   13.008341] random: systemd-udevd: uninitialized urandom read (16 bytes read, 7 bits of entropy available)
starting version 229
[   13.008818] random: udevadm: uninitialized urandom read (16 bytes read, 7 bits of entropy available)
[   13.008835] random: udevadm: uninitialized urandom read (16 bytes read, 7 bits of entropy available)
[   13.014762] random: udevadm: uninitialized urandom read (16 bytes read, 7 bits of entropy available)
[   13.014796] random: udevadm: uninitialized urandom read (16 bytes read, 7 bits of entropy available)
[   13.014893] random: udevadm: uninitialized urandom read (16 bytes read, 7 bits of entropy available)
[   13.014944] random: udevadm: uninitialized urandom read (16 bytes read, 7 bits of entropy available)
[   13.014979] random: udevadm: uninitialized urandom read (16 bytes read, 7 bits of entropy available)
[   13.015015] random: udevadm: uninitialized urandom read (16 bytes read, 7 bits of entropy available)
[   13.015050] random: udevadm: uninitialized urandom read (16 bytes read, 7 bits of entropy available)
[   13.125592] e1000: Intel(R) PRO/1000 Network Driver - version 7.3.21-k8-NAPI
[   13.202504] e1000: Copyright (c) 1999-2006 Intel Corporation.
[   13.227016] Fusion MPT base driver 3.04.20
[   13.249994] Copyright (c) 1999-2008 LSI Corporation
[   13.300537] Fusion MPT SPI Host driver 3.04.20
[   13.348700] AVX2 version of gcm_enc/dec engaged.
[   13.376166] AES CTR mode by8 optimization enabled
[   13.626662] input: ImExPS/2 Generic Explorer Mouse as /devices/platform/i8042/serio1/input/input4
[   13.722241] e1000 0000:00:03.0 eth0: (PCI:33MHz:32-bit) 02:0a:56:fb:b9:09
[   13.882655] e1000 0000:00:03.0 eth0: Intel(R) PRO/1000 Network Connection
[   14.002076] e1000 0000:00:03.0 enp0s3: renamed from eth0
[   14.052430] mptbase: ioc0: Initiating bringup
[   14.392824] ioc0: LSI53C1030 A0: Capabilities={Initiator}
[   15.735964] scsi host2: ioc0: LSI53C1030 A0, FwRev=00000000h, Ports=1, MaxQ=256, IRQ=20
[   16.882700] scsi 2:0:0:0: Direct-Access     VBOX     HARDDISK         1.0  PQ: 0 ANSI: 5
[   16.998355] scsi target2:0:0: Beginning Domain Validation
[   17.072441] scsi target2:0:0: Domain Validation skipping write tests
[   17.074176] scsi target2:0:0: Ending Domain Validation
[   17.075547] scsi target2:0:0: asynchronous
[   17.077128] scsi 2:0:1:0: Direct-Access     VBOX     HARDDISK         1.0  PQ: 0 ANSI: 5
[   17.079342] scsi target2:0:1: Beginning Domain Validation
[   17.081505] scsi target2:0:1: Domain Validation skipping write tests
[   17.083127] scsi target2:0:1: Ending Domain Validation
[   17.084489] scsi target2:0:1: asynchronous
[   17.094023] sd 2:0:0:0: [sda] 20971520 512-byte logical blocks: (10.7 GB/10.0 GiB)
[   17.103876] sd 2:0:0:0: Attached scsi generic sg0 type 0
[   17.162294] sd 2:0:1:0: [sdb] 20480 512-byte logical blocks: (10.5 MB/10.0 MiB)
[   17.242673] sd 2:0:1:0: Attached scsi generic sg1 type 0
[   17.242870] sd 2:0:0:0: [sda] Write Protect is off
[   17.358726] sd 2:0:0:0: [sda] Incomplete mode parameter data
[   17.459164] sd 2:0:0:0: [sda] Assuming drive cache: write through
[   17.462301] sd 2:0:1:0: [sdb] Write Protect is off
[   17.462420] sd 2:0:1:0: [sdb] Incomplete mode parameter data
[   17.462421] sd 2:0:1:0: [sdb] Assuming drive cache: write through
[   17.475712] sd 2:0:1:0: [sdb] Attached SCSI disk
[   17.480013]  sda: sda1
[   17.482012] sd 2:0:0:0: [sda] Attached SCSI disk
Begin: Loading e[   18.772330] md: linear personality registered for level -1
ssential drivers[   18.842787] md: multipath personality registered for level -4
 ... [   18.920214] md: raid0 personality registered for level 0
[   18.991688] md: raid1 personality registered for level 1
[   19.098125] raid6: sse2x1   gen() 12145 MB/s
[   19.261610] raid6: sse2x1   xor()  8971 MB/s
[   19.421652] raid6: sse2x2   gen() 15743 MB/s
[   19.553874] raid6: sse2x2   xor() 10488 MB/s
[   19.701825] raid6: sse2x4   gen() 15073 MB/s
[   19.771952] raid6: sse2x4   xor() 11747 MB/s
[   19.937746] raid6: avx2x1   gen() 25372 MB/s
[   20.099380] raid6: avx2x2   gen() 29080 MB/s
[   20.249665] raid6: avx2x4   gen() 30623 MB/s
[   20.345994] raid6: using algorithm avx2x4 gen() 30623 MB/s
[   20.440375] raid6: using avx2x2 recovery algorithm
[   20.527173] xor: automatically using best checksumming function:
[   20.609537]    avx       : 29196.000 MB/sec
[   20.655329] async_tx: api initialized (async)
[   20.744051] md: raid6 personality registered for level 6
[   20.760435] md: raid5 personality registered for level 5
[   20.762831] md: raid4 personality registered for level 4
[   20.772343] md: raid10 personality registered for level 10
done.
Begin: Running /scripts/init-premount ... done.
Begin: Mounting root file system ... Begin: Running /scripts/local-top ... done.
Begin: Running /scripts/local-premount ... [   20.807641] Btrfs loaded
Scanning for Btrfs filesystems
done.
Warning: fsck no[   20.834422] EXT4-fs (sda1): mounted filesystem with ordered data mode. Opts: (null)
t present, so skipping root file system
done.
Begin: Running /scripts/local-bottom ... done.
Begin: Running /scripts/init-bottom ... done.
[   21.000541] systemd[1]: systemd 229 running in system mode. (+PAM +AUDIT +SELINUX +IMA +APPARMOR +SMACK +SYSVINIT +UTMP +LIBCRYPTSETUP +GCRYPT +GNUTLS +ACL +XZ -LZ4 +SECCOMP +BLKID +ELFUTILS +KMOD -IDN)
[   21.192112] systemd[1]: Detected virtualization oracle.
[   21.314134] systemd[1]: Detected architecture x86-64.

Welcome to [1mUbuntu 16.04.6 LTS[0m!

[   21.415064] systemd[1]: Set hostname to <ubuntu>.
[   21.504545] systemd[1]: Initializing machine ID from random generator.
[   21.632306] systemd[1]: Installed transient /etc/machine-id file.
[   21.849037] systemd[1]: Started Trigger resolvconf update for networkd DNS.
[[0;32m  OK  [0m] Started Trigger resolvconf update for networkd DNS.
[   21.855002] systemd[1]: Listening on udev Kernel Socket.
[[0;32m  OK  [0m] Listening on udev Kernel Socket.
[   21.862705] systemd[1]: Listening on Journal Audit Socket.
[[0;32m  OK  [0m] Listening on Journal Audit Socket.
[   21.866560] systemd[1]: Listening on Journal Socket.
[[0;32m  OK  [0m] Listening on Journal Socket.
[   21.870113] systemd[1]: Listening on LVM2 metadata daemon socket.
[[0;32m  OK  [0m] Listening on LVM2 metadata daemon socket.
[   21.874434] systemd[1]: Listening on LVM2 poll daemon socket.
[[0;32m  OK  [0m] Listening on LVM2 poll daemon socket.
[   21.878500] systemd[1]: Listening on udev Control Socket.
[[0;32m  OK  [0m] Listening on udev Control Socket.
[   21.883474] systemd[1]: Listening on Syslog Socket.
[[0;32m  OK  [0m] Listening on Syslog Socket.
[   21.887234] systemd[1]: Reached target Swap.
[[0;32m  OK  [0m] Reached target Swap.
[   21.890570] systemd[1]: Listening on Journal Socket (/dev/log).
[[0;32m  OK  [0m] Listening on Journal Socket (/dev/log).
[   21.894583] systemd[1]: Started Forward Password Requests to Wall Directory Watch.
[[0;32m  OK  [0m] Started Forward Password Requests to Wall Directory Watch.
[   21.900230] systemd[1]: Listening on Device-mapper event daemon FIFOs.
[[0;32m  OK  [0m] Listening on Device-mapper event daemon FIFOs.
[   21.906168] systemd[1]: Created slice User and Session Slice.
[[0;32m  OK  [0m] Created slice User and Session Slice.
[   21.918211] systemd[1]: Reached target System iiee Synchronized.
[[0;32m  OK  [0m] Reached target System Time Synchronized.
[   22.239161] systemd[1]: Set up automount Arbitrary Executable File Formats File System AutomouttPPoint.
[[0;32m  OK  [0m] Set up automount Arbitrary Executab...ats File System Automount Point.
[   22.598958] systemd[1]: Listening on /dev/initctl Compatibility Named Pipe.
[[0;32m  OK  [0m] Listening on /dev/initctl Compatibility Named Pipe.
[   22.870406] systemd[1]: Reached target Encrypted Volumes.
[[0;32m  OK  [0m] Reached target Encrypted Volumes.
[   22.961448] systemd[1]: Created slice System Slice.
[[0;32m  OK  [0m] Created slice System Slice.
[   22.977609] systemd[1]: Starting Journal Service...
[   22.977970] random: nonblocking pool is initialized
         Starting Journal Service...
[   22.984702] systemd[1]: Mounting Debug File System...
         Mounting Debug File System...
[   22.990469] systemd[1]: Starting Remount Root and Kernel File Systems...
         Starting Remount Root and Kernel File Systems...
[   22.995983] systemd[1]: Reached target Slices.
[[0;32m  OK  [0m] Reached target Slices.
[   23.003401] systemd[1]: Starting Create list of required static device nodes for the current kernel...
[   23.004149] EXT4-fs (sda1): re-mounted. Opts: (null)
         Starting Create list of required st... nodes for the current kernel...
[   23.054341] systemd[1]: Starting Nameserver information manager...
         Starting Nameserver information manager...
[   23.222099] systemd[1]: Mounting Huge Pages File System...
         Mounting Huge Pages File System...
[   23.390022] systemd[1]: Starting Monitoring of LVM2 mirrors, snapshots etc. using dmeventd or progress polling...
         Starting Monitoring of LVM2 mirrors... dmeventd or progress polling...
[   23.670256] systemd[1]: Starting Load Kernel Modules...
[   2373560] oain iCS tanpot lass v.087.

         Starting Load Kernel Mo[   24.044576] iscsi: registered transport (tcp)
dules...
[   24.062032] systemd[1]: Starting Set console keymap...
         Starting Set console keymap...
[   24.067820] systemd[1]: Created slice system-serial\x2dgetty.slice.
[[0;32m  OK  [0m] Created slice system-serial\x2dgetty.slice.
[   24.079714] systemd[1]: Starting Uncomplicated firewall...
         Starting Uncomplicated firewall...
[   24.087179] systemd[1]: Reached target User and Group Name Lookups.
[[0;32m  OK  [0m] Reached target User and Group Name Lookups.
[   24.095805] systemd[1]: Mounting POSIX Message Queue File System...
[   24.100074] iscsi: registered transport (iser)
         Mounting POSIX Message Queue File System...
[   24.108640] systemd[1]: Mounted Huge Pages File System.
[[0;32m  OK  [0m] Mounted Huge Pages File System.
[   24.112562] systemd[1]: Mounted POSIX Message Queue File System.
[[0;32m  OK  [0m] Mounted POSIX Message Queue File System.
[   24.116147] systemd[1]: Mounted Debug File System.
[[0;32m  OK  [0m] Mounted Debug File System.
[   24.138715] systemd[1]: Started Journal Service.
[[0;32m  OK  [0m] Started Journal Service.
[[0;32m  OK  [0m] Started Remount Root and Kernel File Systems.
[[0;32m  OK  [0m] Started Create list of required sta...ce nodes for the current kernel.
[[0;32m  OK  [0m] Started Load Kernel Modules.
[[0;32m  OK  [0m] Started Set console keymap.
[[0;32m  OK  [0m] Started Uncomplicated firewall.
[[0;32m  OK  [0m] Started Nameserver information manager.
[[0;32m  OK  [0m] Started LVM2 metadata daemon.
         Starting Apply Kernel Variables...
         Mounting FUSE Control File System...
         Starting Create Static Device Nodes in /dev...
         Starting Load/Save Random Seed...
         Starting udev Coldplug all Devices...
         Starting Flush Journal to Persistent Storage...
[[0;32m  OK  [0m] Mounted FUSE Control File System.
[[0;32m  OK  [0m] Started Apply Kernel Variables.
[[0;32m  OK  [0m] Started Create Static Device Nodes in /dev.
[[0;32m  OK  [0m] Started Load/Save Random Seed.
[[0;32m  OK  [0m] Started Flush Journal to Persistent Storage.
[[0;32m  OK  [0m] Started Monitoring of LVM2 mirrors,...ng dmeventd or progress polling.
[[0;32m  OK  [0m] Started udev Coldplug all Devices.
         Starting udev Kernel Device Manager...
[[0;32m  OK  [0m] Reached target Local File Systems (Pre).
[[0;32m  OK  [0m] Reached target Local File Systems.
         Starting Create Volatile Files and Directories...
         Starting Tell Plymouth To Write Out Runtime Data...
         Starting Set console font and keymap...
         Starting Initial cloud-init job (pre-networking)...
         Starting LSB: AppArmor initialization...
         Starting Commit a transient machine-id on disk...
[[0;32m  OK  [0m] Started udev Kernel Device Manager.
[[0;32m  OK  [0m] Started Create Volatile Files and Directories.
[[0;32m  OK  [0m] Started Tell Plymouth To Write Out Runtime Data.
[[0;32m  OK  [0m] Started Commit a transient machine-id on disk.
         Starting Update UTMP about System Boot/Shutdown...
[[0;32m  OK  [0m] Started Dispatch Password Requests to Console Directory Watch.
[[0;32m  OK  [0m] Started Update UTMP about System Boot/Shutdown.
[[0;32m  OK  [0m] Found device /dev/ttyS0.
[[0;32m  OK  [0m] Listening on Load/Save RF Kill Switch Status /dev/rfkill Watch.
[[0;32m  OK  [0m] Started LSB: AppArmor initialization.
[   18.061152] cloud-init[486]: Cloud-init v. 18.5-45-g3554ffe8-0ubuntu1~16.04.1 running 'init-local' at Fri, 22 Mar 2019 10:42:55 +0000. Up 17.68 seconds.
[[0;32m  OK  [0m] Started Initial cloud-init job (pre-networking).
[[0;32m  OK  [0m] Reached target Network (Pre).
         Starting Raise network interfaces...
[[0;32m  OK  [0m] Started Set console font and keymap.
[[0;32m  OK  [0m] Created slice system-getty.slice.
[[0;32m  OK  [0m] Started Raise network interfaces.
[[0;32m  OK  [0m] Reached target Network.
         Starting Initial cloud-init job (metadata service crawler)...
[   19.346083] cloud-init[935]: Cloud-init v. 18.5-45-g3554ffe8-0ubuntu1~16.04.1 running 'init' at Fri, 22 Mar 2019 10:42:56 +0000. Up 18.91 seconds.
[   19.376461] cloud-init[935]: ci-info: +++++++++++++++++++++++++++++++++++++Net device info++++++++++++++++++++++++++++++++++++++
[   19.381147] cloud-init[935]: ci-info: +--------+------+---------------------------+---------------+--------+-------------------+
[   19.386389] cloud-init[935]: ci-info: | Device |  Up  |          Address          |      Mask     | Scope  |     Hw-Address    |
[   19.391822] cloud-init[935]: ci-info: +--------+------+---------------------------+---------------+--------+-------------------+[[0;32m  OK  [0m] Started Initial cloud-init job (metadata service crawler).
[[0;32m  OK  [0m] Reached target Cloud-config availability.
[[0;32m  OK  [0m] Reached target Network is Online.

[   19.403765] cloud-init[935]: ci-info: | enp0s3 | True |         10.0.2.15         | 255.255.255.0 | global | 02:0a:56:fb:b9:09 |
[   19.407476] cloud-init[935]: ci-info: | enp0s3 | True | fe80::a:56ff:fefb:b909/64 |       .       |  link  | 02:0a:56:fb:b9:09 |
         Starting iSCSI initiator daemon (iscsid)...
[[0;32m  OK  [0m] Reached target System Initialization.[   19.412849] cloud-init[935]: ci-info: |   lo   | True |         127.0.0.1         |   255.0.0.0   |  host  |         .         |
[   19.416968] cloud-init[935]: ci-info: |   lo   | True |          ::1/128          |       .       |  host  |         .         |
[   19.417465] cloud-init[935]: ci-info: +--------+------+---------------------------+---------------+--------+-------------------+
[   19.417968] cloud-init[935]: ci-info: +++++++++++++++++++++++++++Route IPv4 info++++++++++++++++++++++++++++
[   19.418481] cloud-init[935]: ci-info: +-------+-------------+----------+---------------+-----------+-------+
[   19.418850] cloud-init[935]: ci-info: | Route | Destination | Gateway  |    Genmask    | Interface | Flags |
[   19.418878] cloud-init[935]: ci-info: +-------+-------------+----------+---------------+-----------+-------+

[[   19.418987] cloud-init[935]: ci-info: |   0   |   0.0.0.0   | 10.0.2.2 |    0.0.0.0    |   enp0s3  |   UG  |
[   19.438943] cloud-init[935]: ci-info: |   1   |   10.0.2.0  | 0.0.0.0  | 255.255.255.0 |   enp0s3  |   U   |
[   19.439339] cloud-init[935]: ci-info: +-------+-------------+----------+---------------+-----------+-------+
[   19.439788] cloud-init[935]: ci-info: +++++++++++++++++++Route IPv6 info+++++++++++++++++++
[   19.440427] cloud-init[935]: ci-info: +-------+-------------+---------+-----------+-------+
[   19.440918] cloud-init[935]: ci-info: | Route | Destination | Gateway | Interface | Flags |
[   19.441331] cloud-init[935]: ci-info: +-------+-------------+---------+-----------+-------+
[   19.441617] cloud-init[935]: ci-info: |   0   |  fe80::/64  |    ::   |   enp0s3  |   U   |
[   19.441901] cloud-init[935]: ci-info: |   3   |   ff00::/8  |    ::   |   enp0s3  |   U   |
[   19.442190] cloud-init[935]: ci-info: +-------+-------------+---------+-----------+-------+
[   19.442650] cloud-init[935]: Generating public/private rsa key pair.
[   19.442771] cloud-init[935]: Your identification has been saved in /etc/ssh/ssh_host_rsa_key.
[   19.443087] cloud-init[935]: Your public key has been saved in /etc/ssh/ssh_host_rsa_key.pub.
[   19.443380] cloud-init[935]: The key fingerprint is:
[   19.443664] cloud-init[935]: SHA256:mYLbUlJ67geQQO+xWDRGlD20I8K68bz2xCOmfpNqJ4s root@ubuntu-xenial
[   19.443949] cloud-init[935]: The key's randomart image is:
[   19.444542] cloud-init[935]: +---[RSA 2048]----+
[   19.444822] cloud-init[935]: | ..o*+.          |
[   19.445104] cloud-init[935]: | ..+..o.         |
[   19.445390] cloud-init[935]: |  o.=.+.         |
[   19.445713] cloud-init[935]: | . =oB . o       |
[   19.446033] cloud-init[935]: |o . *.+ S        |
[   19.446308] cloud-init[935]: | = . B..         |
[   19.446582] cloud-init[935]: |. = B o.         |
[   19.446868] cloud-init[935]: |.=.O +  .        |
[   19.447151] cloud-init[935]: |E=B.o ..         |
[   19.447431] cloud-init[935]: +----[SHA256]-----+
[   19.447710] cloud-init[935]: Generating public/private dsa key pair.
[   19.447986] cloud-init[935]: Your identification has been saved in /etc/ssh/ssh_host_dsa_key.
[   19.448582] cloud-init[935]: Your public key has been saved in /etc/ssh/ssh_host_dsa_key.pub.
[   19.448853] cloud-init[935]: The key fingerprint is:
[   19.449128] cloud-init[935]: SHA256:ondEH9EiNcqn7/1B9+RtBivFCriI0Gn9JuYZApXp1+k root@ubuntu-xenial
[   19.449418] cloud-init[935]: The key's randomart image is:
[   19.449700] cloud-init[935]: +---[DSA 1024]----+
[   19.450078] cloud-init[935]: |         .+.     |
[   19.450686] cloud-init[935]: |     o ....o.    |
[   19.451147] cloud-init[935]: |    +   +.o.     |
[   19.451534] cloud-init[935]: |   + o o * . .   |
[   19.451903] cloud-init[935]: |  o = + S o   = o|
[   19.452627] cloud-init[935]: |   + + * o . + *o|
[   19.452986] cloud-init[935]: |    + * E . o o *|
[   19.453348] cloud-init[935]: |     = * . . . + |
[   19.453713] cloud-init[935]: |      o   . ...  |
[   19.454075] cloud-init[935]: +----[SHA256]-----+
[   19.454438] cloud-init[935]: Generating public/private ecdsa key pair.
[   19.454802] cloud-init[935]: Your identification has been saved in /etc/ssh/ssh_host_ecdsa_key.
[   19.455165] cloud-init[935]: Your public key has been saved in /etc/ssh/ssh_host_ecdsa_key.pub.
[   19.455530] cloud-init[935]: The key fingerprint is:
[   19.456095] cloud-init[935]: SHA256:ROJ20DUsiwgd2Giubuo9rpQDtl2EmDCFG/piYlMRk64 root@ubuntu-xenial
[   19.456124] cloud-init[935]: The key's randomart image is:
[   19.456156] cloud-init[935]: +---[ECDSA 256]---+
[0;32m  OK  [0m] Started Daily Cleanup of Temporary Directories.
[   19.456286] cloud-init[935]: |oo.B+.o..oo      |
[   19.622642] cloud-init[935]: |+.Bo=. +o ..     |
[   19.623311] cloud-init[935]: |.B.o.oo.oo       |
[   19.623675] cloud-init[935]: |o .oo..o.        |
[   19.623966] cloud-init[935]: |.+o  .  S        |
[   19.624660] cloud-init[935]: |*E= .            |
[   19.625054] cloud-init[935]: |=*..             |
[   19.625505] cloud-init[935]: |.oo.             |
[   19.625866] cloud-init[935]: |=ooo.            |
[   19.626249] cloud-init[935]: +----[SHA256]-----+
[   19.627140] cloud-init[935]: Generating public/private ed25519 key pair.
         Starting Socket activation for snappy daemon.
         Starting LXD - unix socket.[   19.627189] cloud-init[935]: Your identification has been saved in /etc/ssh/ssh_host_ed25519_key.
[   19.641496] cloud-init[935]: Your public key has been saved in /etc/ssh/ssh_host_ed25519_key.pub.
[   19.641789] cloud-init[935]: The key fingerprint is:
[   19.642066] cloud-init[935]: SHA256:gh5eGAaYwo32YkOxlM0EwASPSx4Eddt/vewVyGQLNwA root@ubuntu-xenial
[   19.642344] cloud-init[935]: The key's randomart image is:
[   19.642621] cloud-init[935]: +--[ED25519 256]--+
[   19.642899] cloud-init[935]: |@X%..   E..      |
[   19.643179] cloud-init[935]: |*X.* o     .     |
[   19.643458] cloud-init[935]: |=+o + .   . =    |
[   19.643843] cloud-init[935]: |o=.o + .   B +   |

[[   19.644541] cloud-init[935]: |o.o + o S . = .  |
[   19.700132] cloud-init[935]: |   o o . . . . . |
[   19.700557] cloud-init[935]: |    o       o .  |
[   19.701291] cloud-init[935]: |           . .   |
[   19.701973] cloud-init[935]: |            .    |
[   19.702258] cloud-init[935]: +----[SHA256]-----+
[0;32m  OK  [0m] Listening on ACPID Listen Socket.
[[0;32m  OK  [0m] Started ACPI Events Check.
[[0;32m  OK  [0m] Reached target Paths.
[[0;32m  OK  [0m] Started Daily apt download activities.
[[0;32m  OK  [0m] Listening on UUID daemon activation socket.
[[0;32m  OK  [0m] Started Daily apt upgrade and clean activities.
[[0;32m  OK  [0m] Reached target Timers.
[[0;32m  OK  [0m] Listening on D-Bus System Message Bus Socket.
[[0;32m  OK  [0m] Listening on Socket activation for snappy daemon.
[[0;32m  OK  [0m] Listening on LXD - unix socket.
[[0;32m  OK  [0m] Started iSCSI initiator daemon (iscsid).
         Starting Login to default iSCSI targets...
[[0;32m  OK  [0m] Reached target Sockets.
[[0;32m  OK  [0m] Reached target Basic System.
[[0;32m  OK  [0m] Started Deferred execution scheduler.
         Starting LSB: Record successful boot for GRUB...
         Starting /etc/rc.local Compatibility...
         Starting Accounts Service...
[[0;32m  OK  [0m] Started Unattended Upgrades Shutdown.
         Starting Pollinate to seed the pseudo random number generator...
[[0;32m  OK  [0m] Started D-Bus System Message Bus.
[[0;32m  OK  [0m] Started FUSE filesystem for LXC.
[[0;32m  OK  [0m] Started Regular background program processing daemon.
         Starting Login Service...
[[0;32m  OK  [0m] Started ACPI event daemon.
         Starting Virtualbox guest utils...
         Starting System Logging Service...
         Starting Snappy daemon...
         Starting LXD - container startup/shutdown...
         Starting LSB: MD monitoring daemon...
[[0;32m  OK  [0m] Started /etc/rc.local Compatibility.
[[0;32m  OK  [0m] Started System Logging Service.
[[0;32m  OK  [0m] Started Login to default iSCSI targets.
[[0;32m  OK  [0m] Started LSB: Record successful boot for GRUB.
[[0;32m  OK  [0m] Started LXD - container startup/shutdown.
[[0;32m  OK  [0m] Started LSB: MD monitoring daemon.
         Starting Authenticate and Authorize Users to Run Privileged Tasks...
[[0;32m  OK  [0m] Reached target Remote File Systems (Pre).
[[0;32m  OK  [0m] Reached target Remote File Systems.
         Starting Permit User Sessions...
         Starting LSB: Set the CPU Frequency Scaling governor to "ondemand"...
         Starting LSB: daemon to balance interrupts for SMP systems...
         Starting LSB: automatic crash report generation...
[[0;32m  OK  [0m] Started Snappy daemon.
[[0;32m  OK  [0m] Started Virtualbox guest utils.
[[0;32m  OK  [0m] Started Permit User Sessions.
[[0;32m  OK  [0m] Started Login Service.
[[0;32m  OK  [0m] Started Authenticate and Authorize Users to Run Privileged Tasks.
[[0;32m  OK  [0m] Started Accounts Service.
[[0;32m  OK  [0m] Started LSB: Set the CPU Frequency Scaling governor to "ondemand".
         Starting Terminate Plymouth Boot Screen...
         Starting Hold until boot process finishes up...
         Starting Wait until snapd is fully seeded...
[[0;32m  OK  [0m] Started LSB: daemon to balance interrupts for SMP systems.
[[0;32m  OK  [0m] Started LSB: automatic crash report generation.
[[0;32m  OK  [0m] Started Terminate Plymouth Boot Screen.
[[0;32m  OK  [0m] Started Hold until boot process finishes up.
[[0;32m  OK  [0m] Started Serial Getty on ttyS0.
[[0;32m  OK  [0m] Started Getty on tty1.
[[0;32m  OK  [0m] Reached target Login Prompts.
         Starting Set console scheme...
[[0;32m  OK  [0m] Started Set console scheme.
[[0;32m  OK  [0m] Started Pollinate to seed the pseudo random number generator.
         Starting OpenBSD Secure Shell server...
[[0;32m  OK  [0m] Started OpenBSD Secure Shell server.
[[0;32m  OK  [0m] Created slice User Slice of vagrant.
         Starting User Manager for UID 1000...
[[0;32m  OK  [0m] Started User Manager for UID 1000.
[[0;32m  OK  [0m] Started Session 1 of user vagrant.
[[0;32m  OK  [0m] Started Session 2 of user vagrant.
         Starting Snappy daemon...
[   25.744715] cloud-init[1533]: Generating locales (this might take a while)...
[   26.368614] cloud-init[1533]:   en_US.UTF-8... done
[   26.369364] cloud-init[1533]: Generation complete.

Ubuntu 16.04.6 LTS ubuntu-xenial ttyS0

ubuntu-xenial login: [   26.578526] cloud-init[1533]: Cloud-init v. 18.5-45-g3554ffe8-0ubuntu1~16.04.1 running 'modules:config' at Fri, 22 Mar 2019 10:43:03 +0000. Up 25.67 seconds.
ci-info: no authorized ssh keys fingerprints found for user ubuntu.
<14>Mar 22 10:43:04 ec2: 
<14>Mar 22 10:43:04 ec2: #############################################################
<14>Mar 22 10:43:04 ec2: -----BEGIN SSH HOST KEY FINGERPRINTS-----
<14>Mar 22 10:43:04 ec2: 1024 SHA256:ondEH9EiNcqn7/1B9+RtBivFCriI0Gn9JuYZApXp1+k root@ubuntu-xenial (DSA)
<14>Mar 22 10:43:04 ec2: 256 SHA256:ROJ20DUsiwgd2Giubuo9rpQDtl2EmDCFG/piYlMRk64 root@ubuntu-xenial (ECDSA)
<14>Mar 22 10:43:04 ec2: 256 SHA256:gh5eGAaYwo32YkOxlM0EwASPSx4Eddt/vewVyGQLNwA root@ubuntu-xenial (ED25519)
<14>Mar 22 10:43:04 ec2: 2048 SHA256:mYLbUlJ67geQQO+xWDRGlD20I8K68bz2xCOmfpNqJ4s root@ubuntu-xenial (RSA)
<14>Mar 22 10:43:04 ec2: -----END SSH HOST KEY FINGERPRINTS-----
<14>Mar 22 10:43:04 ec2: #############################################################
-----BEGIN SSH HOST KEY KEYS-----
ecdsa-sha2-nistp256 AAAAE2VjZHNhLXNoYTItbmlzdHAyNTYAAAAIbmlzdHAyNTYAAABBBLU6xEVNgz7OSawuyL4+uh5+pWWtEDHKS5d/MiEnasfcwFN9WTX4J3eFg4ZcUW1IOalqTy3CMxqZ1WF39Jlr2fw= root@ubuntu-xenial
ssh-ed25519 AAAAC3NzaC1lZDI1NTE5AAAAINPZLOakpS4I6JE4FDk/W9FyJoMQSqZ3arYaymiiN+K4 root@ubuntu-xenial
ssh-rsa AAAAB3NzaC1yc2EAAAADAQABAAABAQC+qbRKQg61xq/w5GYafPIf3bupfG9GtAIDSxLPWyKu1OST+n3L2jn06wLy5lPatPbur1/AIKszHPe5paXcPL6G+9aSLcaBMCjQvsMJeP/rM0CF98nUezyW3mlAcuKh+NASEgMa4rmcbBi2o9CWxV8LQ7KAWgKmMZ7yQU1zyx7vYUaEaxfrejssY7J3a7SuPbuj5rZwVkOjSoar8Wl2pC+yd1wW/NEbLKedDXwIJ2S7mFGOOLr9jKOy0Ce8jEP/r3+TRRZUU2nhFL1GIskZROXPbQ9mAI9755rS7KhVm9Ml5uAR0CwQ6X32RcjQAtZoW/dl47o8FK/IPH/fjD0ZRWz1 root@ubuntu-xenial
-----END SSH HOST KEY KEYS-----
[   26.944961] cloud-init[1609]: Cloud-init v. 18.5-45-g3554ffe8-0ubuntu1~16.04.1 running 'modules:final' at Fri, 22 Mar 2019 10:43:04 +0000. Up 26.85 seconds.
[   26.945198] cloud-init[1609]: ci-info: no authorized ssh keys fingerprints found for user ubuntu.
[   26.945289] cloud-init[1609]: Cloud-init v. 18.5-45-g3554ffe8-0ubuntu1~16.04.1 finished at Fri, 22 Mar 2019 10:43:04 +0000. Datasource DataSourceNoCloud [seed=/dev/sdb][dsmode=net].  Up 26.93 seconds
[[0;32m  OK  [0m] Stopped target Cloud-init target.
[[0;32m          Stopping Virtualbox guest utils...
         Stopping FUSE filesystem for LXC...
         Stopping Accounts Service...
         Stopping LSB: automatic crash report generation...
         Stopping LSB: Set the CPU Frequency Scaling governor to "ondemand"...
[[0;32m  OK  [0m] Stopped target Timers.
         Stopping Regular background program processing daemon...
[[0;32m  OK  [0m] Stopped target Cloud-config availability.
         Stopping System Logging Service...
         Stopping LXD - container startup/shutdown...
         Stopping Session 3 of user vagrant.
         Stopping Authenticate and Authorize Users to Run Privileged Tasks...
[[0;32m  OK  [0m] Stopped Wait until snapd is fully seeded.
[[0;32m  OK  [0m] Stopped Daily apt upgrade and clean activities.
[[0;32m  OK  [0m] Stopped Daily apt download activities.
[[0;32m  OK  [0m] Stopped target System Time Synchronized.
         Stopping ACPI event daemon...
         Stopping LSB: MD monitoring daemon...
[[0;32m  OK  [0m] Stopped Daily Cleanup of Temporary Directories.
[[0;32m  OK  [0m] Unmounted /var/lib/lxcfs.
[[0;32m  OK  [0m] Stopped Deferred execution scheduler.
[[0;32m  OK  [0m] Stopped Accounts Service.
[[0;32m  OK  [0m] Stopped Regular background program processing daemon.
[[0;32m  OK  [0m] Stopped ACPI event daemon.
[[0;32m  OK  [0m] Stopped System Logging Service.
[[0;32m  OK  [0m] Stopped Authenticate and Authorize Users to Run Privileged Tasks.
[[0;32m  OK  [0m] Stopped Serial Getty on ttyS0.
[[0;32m  OK  [0m] Stopped Getty on tty1.
[[0;32m  OK  [0m] Stopped OpenBSD Secure Shell server.
[[0;32m  OK  [0m] Stopped User Manager for UID 1000.
[[0;32m  OK  [0m] Stopped D-Bus System Message Bus.
[[0;32m  OK  [0m] Stopped Unattended Upgrades Shutdown.
[[0;32m  OK  [0m] Stopped Session 3 of user vagrant.
[[0;32m  OK  [0m] Stopped FUSE filesystem for LXC.
[[0;32m  OK  [0m] Stopped LSB: Record successful boot for GRUB.
[[0;32m  OK  [0m] Stopped LSB: daemon to balance interrupts for SMP systems.
[[0;32m  OK  [0m] Stopped Virtualbox guest utils.
[[0;32m  OK  [0m] Stopped LSB: Set the CPU Frequency Scaling governor to "ondemand".
[[0;32m  OK  [0m] Stopped LSB: automatic crash report generation.
[[0;32m  OK  [0m] Stopped LXD - container startup/shutdown.
[[0;32m  OK  [0m] Stopped LSB: MD monitoring daemon.
[[0;32m  OK  [0m] Removed slice User Slice of vagrant.
         Stopping Login Service...
[[0;32m  OK  [0m] Removed slice system-getty.slice.
[[0;32m  OK  [0m] Removed slice system-serial\x2dgetty.slice.
[[0;32m  OK  [0m] Stopped /etc/rc.local Compatibility.
         Stopping Permit User Sessions...
[[0;32m  OK  [0m] Stopped Login Service.
[[0;32m  OK  [0m] Stopped Permit User Sessions.
[[0;32m  OK  [0m] Stopped target User and Group Name Lookups.
[[0;32m  OK  [0m] Stopped LSB: Apache2 web server.
[[0;32m  OK  [0m] Stopped target Basic System.
[[0;32m  OK  [0m] Stopped target Paths.
[[0;32m  OK  [0m] Stopped Forward Password Requests to Wall Directory Watch.
[[0;32m  OK  [0m] Stopped ACPI Events Check.
[[0;32m  OK  [0m] Stopped Dispatch Password Requests to Console Directory Watch.
[[0;32m  OK  [0m] Stopped target Sockets.
[[0;32m  OK  [0m] Closed UUID daemon activation socket.
[[0;32m  OK  [0m] Closed Syslog Socket.
[[0;32m  OK  [0m] Closed Socket activation for snappy daemon.
[[0;32m  OK  [0m] Closed D-Bus System Message Bus Socket.
[[0;32m  OK  [0m] Closed ACPID Listen Socket.
[[0;32m  OK  [0m] Closed LXD - unix socket.
[[0;32m  OK  [0m] Stopped target Slices.
[[0;32m  OK  [0m] Removed slice User and Session Slice.
[[0;32m  OK  [0m] Stopped target Remote File Systems.
[[0;32m  OK  [0m] Stopped target Remote File Systems (Pre).
         Stopping Login to default iSCSI targets...
[[0;32m  OK  [0m] Stopped target System Initialization.
[[0;32m  OK  [0m] Stopped Create Volatile Files and Directories.
[[0;32m  OK  [0m] Stopped Commit a transient machine-id on disk.
[[0;32m  OK  [0m] Stopped target Encrypted Volumes.
[[0;32m  OK  [0m] Stopped target Swap.
         Stopping Load/Save Random Seed...
[[0;32m  OK  [0m] Stopped Load/Save Random Seed.
[[0;32m  OK  [0m] Stopped Login to default iSCSI targets.
         Stopping iSCSI initiator daemon (iscsid)...
[[0;32m  OK  [0m] Stopped iSCSI initiator daemon (iscsid).
[[0;32m  OK  [0m] Stopped target Network is Online.
[[0;32m  OK  [0m] Stopped Initial cloud-init job (metadata service crawler).
[[0;32m  OK  [0m] Stopped target Network.
         Stopping Raise network interfaces...
[[0;32m  OK  [0m] Stopped Raise network interfaces.
[[0;32m  OK  [0m] Stopped target Network (Pre).
[[0;32m  OK  [0m] Stopped Initial cloud-init job (pre-networking).
[[0;32m  OK  [0m] Stopped target Local File Systems.
         Unmounting /vagrant...
         Unmounting /run/user/1000...
[[0;32m  OK  [0m] Stopped Apply Kernel Variables.
[[0;32m  OK  [0m] Stopped Load Kernel Modules.
[[0;32m  OK  [0m] Unmounted /vagrant.
[[0;32m  OK  [0m] Unmounted /run/user/1000.
[[0;32m  OK  [0m] Reached target Unmount All Filesystems.
[[0;32m  OK  [0m] Stopped target Local File Systems (Pre).
         Stopping Monitoring of LVM2 mirrors... dmeventd or progress polling...
[[0;32m  OK  [0m] Stopped Create Static Device Nodes in /dev.
[[0;32m  OK  [0m] Stopped Remount Root and Kernel File Systems.
[[0;32m  OK  [0m] Reached target Shutdown.
[  306.323402] reboot: Power down
