[    0.000000] Initializing cgroup subsys cpuset
[    0.000000] Initializing cgroup subsys cpu
[    0.000000] Initializing cgroup subsys cpuacct
[    0.000000] Linux version 4.4.0-142-generic (buildd@lgw01-amd64-033) (gcc version 5.4.0 20160609 (Ubuntu 5.4.0-6ubuntu1~16.04.10) ) #168-Ubuntu SMP Wed Jan 16 21:00:45 UTC 2019 (Ubuntu 4.4.0-142.168-generic 4.4.167)
[    0.000000] Command line: BOOT_IMAGE=/boot/vmlinuz-4.4.0-142-generic root=LABEL=cloudimg-rootfs ro console=tty1 console=ttyS0
[    0.000000] KERNEL supported cpus:[    0000000]  Intel GenuieIntel[   0.000000]   AMD AthentiAMD
[   0.00000]   CetaurCentaurHaul
[   0.000000] x86/fp: xstate_offse[2]:  57, xstatesizes[2:  26
[    .00000] x6/fp: Suportng XSAE feture x01:'x87 floatig pont reister'
[    0.0000] x86pu: Supprtin XSAV feature0x02: 'SSE regiters
  0.000000 x/fu: Spptig SAVE fatre 0x04: 'AVX registers'
[    0.00000] x86/fpu: Enabled xstate features 0x7, context size is 832 bytes, using 'standard' format.
[    0.000000] e820: BIOS-provided physical RAM map:
[    0.000000] BIOS-e820: [mem 0x0000000000000000-0x000000000009fbff] usable
[    0.000000] BIOS-e820: [mem 0x000000000009fc00-0x000000000009ffff] reserved
[    0.000000] BIOS-e820: [mem 0x00000000000f0000-0x00000000000fffff] reserved
[    0.000000] BIOS-e820: [mem 0x00000000000100000-0x000000001ffeffff] usable
[    0.000000] BIOS-e820: [mem 0x000000001fff0000-0x000000001fffffff] ACPI data
[    0.000000] BIOS-e820: [me 0x00000000fec00000-0x00000000fec00fff] reserved
[    0.000000] BIOS-e820: [mem 0x00000000fee00000-0x00000000fee00fff] reserved
[    0.000000] BIOS-e820: [mem 0x00000000fffc0000-0x00000000ffffffff] reserved
[    0000000] NX (Execute Disable) protection: active
[    0.000000] SMBIOS 2.5 present.
[    0.000000] Hypervisor detected: KVM
[    0.000000] e20: lastpf= 1fff0 ma_ah_fn= 0x40000000[   0.0000] TR: isabled[   .000000]x8PA: MTRRs disabled, skipping PAT initalzation oo.
[   .0000]CPU MTRR a bank - iruaizd ystem.
[     0.000000] x86/PT:Coiguraton0-]:WBB  WT UC U  B  WT  UC- UC  
[    0.000000] found SMP MP-table at [mem0x00ff0-0x0009ff] aped at [ff800009ff0][   0.0000] canig 1 reas or lw memory corruption
[    0.000000] RAMDISK: [mem 0x1e8b6000-0x1f728fff]
[    0.000000] ACPI: Early table checksum verification disabled
[    0.000000] ACPI: RSDP 0x00000000000E0000 000024 (v02 VBOX  )
[    0.000000] ACPI: XSDT 0x000000001FFF0030 00003C (v01 VBOX   VBOXXSDT 00000001 ASL  00000061)
[    0.000000] ACPI: FACP 0x000000001FFF00F0 0000F4 (v04 VBOX   VBOXFACP 00000001 ASL  00000061)
[    0.000000] ACPI: DSDT 0x000000001FFF0470 0021FF (v02 VBOX   VBOXBIOS 00000002 INTL 20100528)
[    0.000000] ACPI: FACS 0x000000001FFF0200 000040
[    0.000000] ACPI: FACS 0x000000001FFF0200 000040
[    0.000000] ACPI: APIC 0x00000001FFF0240 00005C (v02 VBOX   VBOXAPIC 00000001 ASL  00000061)
[    0.000000] ACPI: SSDT 0x000000001FFF02A0 0001CC (v01 VBOX   VBOXCPUT 00000002 INTL 20100528)
[    0.000000] No NUMA configuration found
[    0.000000] Faking a node at [mem 0x0000000000000000-0x000000001ffeffff]
[    0.000000] NODE_DATA(0) allocated [mem 0x1ffeb000-0x1ffeffff]
[    0.000000] kvm-clock: Using msrs 4b564d01 and 4b564d00
[    0.000000] kvm-clock: cpu 0, msr 0:1ffe3001, primary cpu clock
[    0.000000] kvm-clock: using sched offset of 3683268648 cycles
[    0.000000] clocksource: kvm-clock: mask: 0xffffffffffffffff max_cycles: 0x1cd42e4dffb, max_idle_ns: 881590591483 s    0000] onrages:
  0.00000]   MA    [mem 0x000000001000-0x000000ffff]    0.0000]  DA32    [m x00000001000000x000001fefff]
[   .0000]  Normal  emy
[    .000]   eve  empty
[  0.000] Movabl ze tart foreach ode
[    0.000000] Early memory node ranges
[    0.000000]   node   0: [mem 0x0000000000001000-0x000000000009efff]
[    0.000000]   node   0: [mem 0x0000000000100000-0x000000001ffeffff]
[    0.000000] Initmem setup node 0 [mem 0x0000000000001000-0x000000001ffeffff]
[    0.000000] ACPI: PM-Timer IO Port: 0x4008
[    0.000000] IOAPIC[0]: apic_id 2, version 32, address 0xfec00000, GSI 0-23
[    0.000000] ACPI: INT_SRC_OVR (bus 0 bus_irq 0 global_irq 2 dfl dfl)
[    0.000000] ACPI: INT_SRC_OVR (bus 0 bus_irq 9 global_irq 9 low level)
[    0.000000] Using ACPI (MADT) for SMP configuration information
[    0.000000] smpboot: Allowing 2 CPUs, 0 hotplug CPUs
[    0.000000] PM: Registered nosave memory: [mem 0x00000000-0x00000fff]
[    0.000000] PM: Registered nosave memory: [mem 0x0009f000-0x0009ffff]
[    0.000000] PM: Registered nosave memory: [mem 0x000a0000-0x000effff]
[    0.000000] PM: Registered nosave memory: [mem 0x000f0000-0x000fffff]
[    0.000000] e820: [mem 0x20000000-0xfebfffff] available for PCI devices
[    0.000000] Booting paravirtualized kernel on KVM
[    0.000000] clocksource: refined-jiffies: mask: 0xffffffff max_cycles: 0xffffffff, max_idle_ns: 7645519600211568 ns
[    0.000000] setup_percpu: NR_CPUS:512 nr_cpumask_bits:512 nr_cpu_ids:2 nr_node_ids:1
[    0.000000] PERCPU: Embedded 34 pages/cpu @ffff88001fc00000 s99480 r8192 d31592 u1048576
[    0.000000] Built 1 zonelists in Node order, mobility grouping on.  Total pages: 128888
[    0.000000] Policy zone: DMA32
[    0.000000] Kernel command line: BOOT_IMAGE=/boot/vmlinuz-4.4.0-142-generic root=LABEL=cloudimg-rootfs ro console=tty1 console=ttyS0
[    0.000000] PID hash table entries: 2048 (order: 2, 16384 bytes)
[    0.000000] Memory: 481656K/523832K available (8603K kernel code, 1332K rwdata, 4004K rodata, 1484K init, 1316K bss, 42176K reserved, 0K cma-reserved)
[    0.000000] SLUB: HWalign=64, Order=0-3, MinObjects=0, CPUs=2, Nodes=1
[    0.000000] Kernel/User page tables islaon: enabled
[    0.0000 HierarchicaRC iplementation.
[    0.000000] 	Build-time adjustment of leaf fanot  64
[    00000 	RCU rstctng CUs fm R_CPUS=2 o r_cpid2.
[   00000]RC Ajutinggeomey or ru_no_leaf=64 n_c_ids=2
[   0.000] NR_RQ:302 nr_rq:40 6
[    0.0000 Cnsole:coour VA+ 8025
[    0.000000] console [tty1] enabled
[    0.000000] console [ttyS0] enabled
[    0.000000] tsc: Detected 2807.998 MHz processor
[    4.186279] Calibratinng delay loop (skipped) preset value.. 5615.99 BogoMIPS (lpj=11231992)
[    4.189181] pid_max: default: 32768 minimum: 301
[    4.190595] ACPI: Core revision 20150930
[    4.192843] ACPI: 2 ACPI AML tables successfully acquired and loaded
[    4.195260] Security Framework initialized
[    4.196568] Yama: becoming mindful.
[    4.201667] AppArmor: AppArmor initialized
[    4.203188] Dentry cache hash table entries: 65536 (order: 7, 524288 bytes)
[    4.210098] Inode-cache hash table entries: 32768 (order: 6, 262144 bytes)
[    4.212419] Mount-cache hash table entries: 1024 (order: 1, 8192 bytes)
[    4.214487] Mountpoint-cache hash table entries: 1024 (order: 1, 8192 bytes)
[    4.217024] Initializing cgroup subsys io
[    4.218367] Initializing cgroup subsys memory
[    4.219767] Initializing cgroup subsys devices
[    4.221124] Initializing cgroup subsys freezer
[    4.226560] Initializing cgroup subsys net_cls
[    4.227819] Initializing cgroup subsys perf_event
[    4.229118] Initializing cgroup subsys net_prio
[    4.230502] Initializing cgroup subsys hugetlb
[    4.231744] Initializing cgroup subsys pids
[    4.234044] mce: CPU supports 0 MCE banks
[    4.290051] Last level iTLB entries: 4KB 64, 2MB 8, 4MB 8
[    4.370075] Last level dTLB entries: 4KB 64, 2MB 0, 4MB 0, 1GB 4
[    4.484408] Spectre V2 : Mitigation: Full generic retpoline
[    4.577778] Spectre V2 : Spectre v2 / SpectreRSB mitigation: Filling RSB on context switch
[    4.713811] Speculative Store Bypass: Vulnerable
[    4.795688] Freeing SMP alternatives memory: 32K
[    4.850862] ftrace: allocating 32277 entries in 127 pages
[    4.987836] smpboot: APIC(0) Converting physical 0 to logical package 0
[    5.086384] smpboot: Max logical packages: 1
[    5.154327] x2apic enabled
[    5.205291] Switched APIC routing to physical x2apic.
[    5.279971] ..TIMER: vector=0x30 apic1=0 pin1=2 apic2=-1 pin2=-1
[    5.390291] smpboot: CPU0: Intel(R) Core(TM) i7-7700HQ CPU @ 2.80GHz (family: 0x6, model: 0x9e, stepping: 0x9)
[    5.562958] Performance Events: unsupported p6 CPU model 158 no PMU driver, software events only.
[    5.703433] KVM setup paravirtual spinlock
[    5.768494] x86: Booting SMP configuration:
[    5.844848] .... node  #0, CPUs:      #1
[    5.906319] kvm-clock: cpu 1, msr 0:1ffe3041, secondary cpu clock
[    5.940162] mce: CPU supports 0 MCE banks
[    5.976050] x86: Booted up 1 node, 2 CPUs
[    6.021276] smpboot: Total of 2 processors activated (11231.99 BogoMIPS)
[    6.087788] devtmpfs: initialized
[    6.115762] evm: security.selinux
[    6.140268] evm: security.SMACK64
[    6.166679] evm: security.SMACK64EXEC
[    6.200328] evm: security.SMACK64TRANSMUTE
[    6.237922] evm: security.SMACK64MMAP
[    6.304636] evm: security.ima
[    6.332815] evm: security.capability
[    6.359290] clocksource: jiffies: mask: 0xffffffff max_cycles: 0xffffffff, max_idle_ns: 7645041785100000 ns
[    6.376227] futex hash table entries: 512 (order: 3, 32768 bytes)
[    6.378801] pinctrl core: initialized pinctrl subsystem
[    6.380631] RTC time: 15:01:30, date: 03/08/19
[    6.384916] NET: Registered protocol family 16
[    6.396168] cpuidle: using governor ladder
[    6.407643] cpuidle: using governor menu
[    6.409034] PCCT header not found.
[    6.410504] ACPI: bus type PCI registered
[    6.411857] acpiphp: ACPI Hot Plug PCI Controller Driver version: 0.5
[    6.414363] PCI: Using configuration type 1 for base access
[    6.430157] ACPI: Added _OSI(Module Device)
[    6.493316] ACPI: Added _OSI(Processor Device)
[    6.539633] ACPI: Added _OSI(3.0 _SCP Extensions)
[    6.582562] ACPI: Added _OSI(Processor Aggregator Device)
[    6.634275] ACPI: Executed 1 blocks of module-level executable AML code
[    6.714003] ACPI: Interpreter enabled
[    6.754597] ACPI: (supports S0 S5)
[    6.787978] ACPI: Using IOAPIC for interrupt routing
[    6.835420] PCI: Using host bridge windows from ACPI; if necessary, use "pci=nocrs" and report a bug
[    6.934460] ACPI: PCI Root Bridge [PCI0] (domain 0000 [bus 00-ff])
[    6.994208] acpi PNP0A03:00: _OSC: OS supports [ASPM ClockPM Segments MSI]
[    7.061167] acpi PNP0A03:00: _OSC: not requesting OS control; OS requires [ExtendedConfig ASPM ClockPM MSI]
[    7.154574] acpi PNP0A03:00: fail to add MMCONFIG information, can't access extended PCI configuration space under this bridge.
[    7.277922] PCI host bridge to bus 0000:00
[    7.318754] pci_bus 0000:00: root bus resource [io  0x0000-0x0cf7 window]
[    7.397580] pci_bus 0000:00: root bus resource [io  0x0d00-0xffff window]
[    7.459362] pci_bus 0000:00: root bus resource [mem 0x000a0000-0x000bffff window]
[    7.469741] pci_bus 0000:00: root bus resource [mem 0x20000000-0xfdffffff window]
[    7.473508] pci_bus 0000:00: root bus resource [bus 00-ff]
[    7.478818] pci 0000:00:01.1: legacy IDE quirk: reg 0x10: [io  0x01f0-0x01f7]
[    7.482186] pci 0000:00:01.1: legacy IDE quirk: reg 0x14: [io  0x03f6]
[    7.484310] pci 0000:00:01.1: legacy IDE quirk: reg 0x18: [io  0x0170-0x0177]
[    7.486488] pci 0000:00:01.1: legacy IDE quirk: reg 0x1c: [io  0x0376]
[    7.502069] pci 0000:00:07.0: quirk: [io  0x4000-0x403f] claimed by PIIX4 ACPI
[    7.504925] pci 0000:00:07.0: quirk: [io  0x4100-0x410f] claimed by PIIX4 SMB
[    7.520911] ACPI: PCI Interrupt Link [LNKA] (IRQs 5 9 10 *11)
[    7.596005] ACPI: PCI Interrupt Link [LNKB] (IRQs 5 9 *10 11)
[    7.651989] ACPI: PCI Interrupt Link [LNKC] (IRQs 5 *9 10 11)
[    7.697344] ACPI: PCI Interrupt Link [LNKD] (IRQs 5 9 10 *11)
[    7.747367] ACPI: Enabled 2 GPEs in block 00 to 07
[    7.784963] vgaarb: setting as boot device: PCI:0000:00:02.0
[    7.831354] vgaarb: device added: PCI:0000:00:02.0,decodes=io+mem,owns=io+mem,locks=none
[    7.947987] vgaarb: loaded
[    7.979797] vgaarb: bridge control possible 0000:00:02.0
[    8.031968] SCSI subsystem initialized
[    8.066649] ACPI: bus type USB registered
[    8.104308] usbcore: registered new interface driver usbfs
[    8.159268] usbcore: registered new interface driver hub
[    8.211245] usbcore: registered new device driver usb
[    8.265977] PCI: Using ACPI for IRQ routing
[    8.326639] NetLabel: Initializing
[    8.358193] NetLabel:  domain hash size = 128
[    8.407062] NetLabel:  protocols = UNLABELED CIPSOv4
[    8.456989] NetLabel:  unlabeled traffic allowed by default
[    8.504876] amd_nb: Cannot enumerate AMD northbridges
[    8.554618] clocksource: Switched to clocksource kvm-clock
[    8.572427] AppArmor: AppArmor Filesystem Enabled
[    8.574025] pnp: PnP ACPI init
[    8.577424] pnp: PnP ACPI: found 3 devices
[    8.591053] clocksource: acpi_pm: mask: 0xffffff max_cycles: 0xffffff, max_idle_ns: 2085701024 ns
[    8.594710] NET: Registered protocol family 2
[    8.596334] TCP established hash table entries: 4096 (order: 3, 32768 bytes)
[    8.598736] TCP bind hash table entries: 4096 (order: 4, 65536 bytes)
[    8.600580] TCP: Hash tables configured (established 4096 bind 4096)
[    8.602759] UDP hash table entries: 256 (order: 1, 8192 bytes)
[    8.604569] UDP-Lite hash table entries: 256 (order: 1, 892bys)[   .73732 NT:Reiserd roocl amly1
[    .0146] ci00000000: Limiting drect PCI/CItrnser
[  9443569] ci000:0:1.: Actiating ISA DMA hang workarounds

[    9.660108] Unpacking initramfs...
[    9.861033] Freeing initrd memory: 14796K
[    9.954360] platform rtc_cmos: registered platform RTC device (no PNP device found)
[   10.143287] Scanning for low memory corruption every 60 seconds
[   10.198604] audit: initializing netlink subsys (disabled)
[   10.248915] audit: type=2000 audit(1552057291.085:1): initialized
[   10.299081] Initialise system trusted keyring
[   10.346314] HugeTLB registered 2 MB page size, pre-allocated 0 pages
[   10.433042] zbud: loaded
[   10.462790] VFS: Disk quotas dquot_6.6.0
[   10.492311] VFS: Dquot-cache hash table entries: 512 (order 0, 4096 bytes)
[   10.571840] squashfs: version 4.0 (2009/01/31) Phillip Lougher
[   10.591674] fuse init (API version 7.23)
[   10.643378] Key type big_key registered
[   10.714231] Allocating IMA MOK and blacklist keyrings.
[   10.736156] Key type asymmetric registered
[   10.752202] Asymmetric key parser 'x509' registered
[   10.753790] Block layer SCSI generic (bsg) driver version 0.4 loaded (major 249)
[   10.756802] io scheduler noop registered
[   10.758232] io scheduler deadline registered (default)
[   10.760349] io scheduler cfq registered
[   10.761664] pci_hotplug: PCI Hot Plug PCI Core version: 0.5
[   10.763970] pciehp: PCI Express Hot Plug Controller Driver version: 0.4
[   10.766541] ACPI: AC Adapter [AC] (off-line)
[   10.768039] input: Power Button as /devices/LNXSYSTM:00/LNXPWRBN:00/input/input0
[   10.770380] ACPI: Power Button [PWRF]
[   10.771647] input: Sleep Button as /devices/LNXSYSTM:00/LNXSLPBN:00/input/input1
[   10.774479] ACPI: Sleep Button [SLPF]
[   10.777693] ACPI: Battery Slot [BAT0] (battery present)
[   10.779529] GHES: HEST is not enabled!
[   10.780825] Serial: 8250/16550 driver, 32 ports, IRQ sharing enabled
[   10.808421] 00:02: ttyS0 at I/O 0x3f8 (irq = 4, base_baud = 115200) is a 16550A
[   10.929920] Linux agpgart interface v0.103
[   11.027857] tsc: Refined TSC clocksource calibration: 2813.320 MHz
[   11.177810] clocksource: tsc: mask: 0xffffffffffffffff max_cycles: 0x288d6779e60, max_idle_ns: 440795253004 ns
[   1.9688 loop: modleloed

[   1140191] scsi hst aa_ii
[  1.5409]sc ht1: ata_piix
[   11.794713] ta1: PTA max UDMA/33 cmd 0x1f0 ctl 0x3f6 bmdma 0xd000 irq 14
[   11.855638] ata2: PATA max UDMA/33 cmd 0x170 ctl 0x376 bmdma 0xd008 irq 15

[   11.858627] libphy: Fixed MDIO Bus: probed
[   11.860342] tun: Universal TUN/TAP device driver, 1.6
[   11.864051] tun: (C) 1999-2004 Max Krasnyansky <maxk@qualcomm.com>
[   11.866830] PPP generic driver version 2.4.2
[   11.868557] ehci_hcd: USB 2.0 'Enhanced' Host Controller (EHCI) Driver
[   11.871027] ehci-pci: EHCI PCI platform driver
[   11.872976] ehci-platform: EHCI generic platform driver
[   11.875047] ohci_hcd: USB 1.1 'Ope' ost Controller (OHCI) Driver
[   11.941398] ohci-p: OHCI PCI platform driver
[   11.996041] ohci-platform: OHCI generic platform driver
[   12.031021] uhci_hcd: USB Universal Host Controller Interface driver
[   12.036041] i8042: PNP: PS/2 Controller [PNP0303:PS2K,PNP0f03:PS2M] at 0x60,0x64 irq 1,12
[   12.039043] serio: i8042 KBD port at 0x60,0x64 irq 1
[   12.040945] serio: i8042 AUX port at 0x60,0x64 irq 12
[   12.042969] mousedev: PS/2 mouse device common for all mice
[   12.045267] input: AT Translated Set 2 keyboard as /devices/platform/i8042/serio0/input/input2
[   12.049152] rtc_cmos rtc_cmos: rtc core: registered rtc_cmos as rtc0
[   12.052448] rtc_cmos rtc_cmos: alarms up to one day, 114 bytes nvram
[   12.054563] i2c /dev entries driver
[   12.055926] device-mapper: uevent:vesin 0.3
[   12.197359] device-mapper: ioctl: 4.34.0-ioctl (2015-10-28) initialised: dm-devel@redhat.com
[   12.332640] ledtrig-cpu: registered to indicate activity on CPUs
[   12.408606] NET: Registered protocol family 10
[   12.463475] NET: Registered protocol family 17
[   12.514559] Key type dns_resolver registered
[   12.564558] registered taskstats version 1
[   12.612302 Ldig ompied-in X.09 cerificte

[   2.90338] Loaded X.59 cert 'Build time autogenerated kernel key: bff73e56bc0efa7435b2a24f5427674623f1be80'
[   12.983604] zswap: loaded using pool lzo/zbud

[   12.987532] Key type trusted registered
[   12.991898] Key type encrypted registered
[   12.993413] AppArmor: AppArmor sha1 policy hashing enabled
[   12.995276] ima: No TPM chip found, activating TPM-bypass!
[   12.997057] ima: Allocated hash algorithm: sha1
[   12.999007] evm: HMAC attrs: 0x1
[   13.001363]   Magic number: 11:134:32
[   13.002764] rtc_cmos rtc_cmos: setting system clock to 2019-03-08 15:01:36 UTC (1552057296)
[   13.073523] BIOS EDD facility v0.16 2004-Jun-25, 0 devices found
[   13.163404] EDD information not available.
[   13.224637] Freeing unused kernel memory: 1484K
[   13.295126] Write protecting the kernel read-only data: 14336k
[   13.385615] Freeing unused kernel memory: 1624K
[   13.777244] Freeing unused kernel memory: 92K
Loading, please wait...
starting version[   14.544031] random: systemd-udevd: uninitialized urandom read (16 bytes read, 7 bits of entropy available)
 229
[   14.544165] random: udevadm: uninitialized urandom read (16 bytes read, 7 bits of entropy available)
[   14.544181] random: udevadm: uninitialized urandom read (16 bytes read, 7 bits of entropy available)
[   14.550138] random: udevadm: uninitialized urandom read (16 bytes read, 7 bits of entropy available)
[   14.550171] random: udevadm: uninitialized urandom read (16 bytes read, 7 bits of entropy available)
[   14.550271] random: udevadm: uninitialized urandom read (16 bytes read, 7 bits of entropy available)
[   14.550307] random: udevadm: uninitialized urandom read (16 bytes read, 7 bits of entropy available)
[   14.550343] random: udevadm: uninitialized urandom read (16 bytes read, 7 bits of entropy available)
[   14.550381] random: udevadm: uninitialized urandom read (16 bytes read, 7 bits of entropy available)
[   14.550415] random: udevadm: uninitialized urandom read (16 bytes read, 7 bits of entropy available)
[   15.203051] e1000: Intel(R) PRO/1000 Network Driver - version 7.3.21-k8-NAPI
[   15.205991] e1000: Copyright (c) 1999-2006 Intel Corporation.
[   15.208345] Fusion MPT base driver 3.04.20
[   15.209800] Copyright (c) 1999-2008 LSI Corporation
[   15.221423] Fusion MPT SPI Host driver 3.04.20
[   15.290335] AVX2 version of gcm_enc/dec engaged.
[   15.327668] AES CTR mode by8 optimization enabled
[   15.423551] input: ImExPS/2 Generic Explorer Mouse as /devices/platform/i8042/serio1/input/input4
[   15.698193] e1000 0000:00:03.0 eth0: (PCI:33MHz:32-bit) 02:a9:46:80:4d:77
[   15.779219] e1000 0000:00:03.0 eth0: Intel(R) PRO/1000 Network Connection
[   15.875563] e1000 0000:00:03.0 enp0s3: renamed from eth0
[   15.975454] mptbase: ioc0: Initiating bringup
[   16.163436] ioc0: LSI53C1030 A0: Capabilities={Initiator}
[   16.407682] scsi host2: ioc0: LSI53C1030 A0, FwRev=00000000h, Ports=1, MaxQ=256, IRQ=20
[   16.520103] scsi 2:0:0:0: Direct-Access     VBOX     HARDDISK         1.0  PQ: 0 ANSI: 5
[   16.705097] scsi target2:0:0: Beginning Domain Validation
[   16.799558] scsi target2:0:0: Domain Validation skipping write tests
[   16.924694] scsi target2:0:0: Ending Domain Validation
[   17.015197] scsi target2:0:0: asynchronous
[   17.106231] scsi 2:0:1:0: Direct-Access     VBOX     HARDDISK         1.0  PQ: 0 ANSI: 5
[   17.341916] scsi target2:0:1: Beginning Domain Validation
[   17.358150] scsi target2:0:1: Domain Validation skipping write tests
[   17.360248] scsi target2:0:1: Ending Domain Validation
[   17.364111] scsi target2:0:1: asynchronous
[   17.374066] sd 2:0:0:0: [sda] 20971520 512-byte logical blocks: (10.7 GB/10.0 GiB)
[   17.374182] sd 2:0:0:0: Attached scsi generic sg0 type 0
[   17.374926] sd 2:0:1:0: Attached scsi generic sg1 type 0
[   17.390464] sd 2:0:1:0: [sdb] 20480 512-byte logical blocks: (10.5 MB/10.0 MiB)
[   17.390698] sd 2:0:0:0: [sda] Write Protect is off
[   17.390840] sd 2:0:0:0: [sda] Incomplete mode parameter data
[   17.390841] sd 2:0:0:0: [sda] Assuming drive cache: write through
[   17.399658] sd 2:0:1:0: [sdb] Write Protect is off
[   17.401251] sd 2:0:1:0: [sdb] Incomplete mode parameter data
[   17.401534]  sda: sda1
[   17.402098] sd 2:0:0:0: [sda] Attached SCSI disk
[   17.635091] sd 2:0:1:0: [sdb] Assuming drive cache: write through
[   17.758586] sd 2:0:1:0: [sdb] Attached SCSI disk
Begin: Loading e[   19.123287] md: linear personality registered for level -1
ssential drivers[   19.203645] md: multipath personality registered for level -4
 ... [   19.276511] md: raid0 personality registered for level 0
[   19.332068] md: raid1 personality registered for level 1
[   19.482953] raid6: sse2x1   gen() 12128 MB/s
[   19.595143] raid6: sse2x1   xor()  8113 MB/s
[   19.718707] raid6: sse2x2   gen() 15502 MB/s
[   19.830857] raid6: sse2x2   xor() 10554 MB/s
[   19.946964] raid6: sse2x4   gen() 17600 MB/s
[   20.070928] raid6: sse2x4   xor() 11695 MB/s
[   20.178644] raid6: avx2x1   gen() 24514 MB/s
[   20.299036] raid6: avx2x2   gen() 25128 MB/s
[   20.434894] raid6: avx2x4   gen() 31307 MB/s
[   20.475318] raid6: using algorithm avx2x4 gen() 31307 MB/s
[   20.539472] raid6: using avx2x2 recovery algorithm
[   20.598435] xor: automatically using best checksumming function:
[   20.682735]    avx       : 26556.000 MB/sec
[   20.685473] async_tx: api initialized (async)
[   20.697032] md: raid6 personality registered for level 6
[   20.767826] md: raid5 personality registered for level 5
[   20.847155] md: raid4 personality registered for level 4
[   20.917632] md: raid10 personality registered for level 10
done.
Begin: Running /scripts/init-premount ... done.
Begin: Mounting root fil[   20.993332] Btrfs loaded
e system ... Begin: Running /scripts/local-top ... done.
Begin: Running /scripts/local-premount ... Scanning for Btrfs filesystems
done.
Warning: fsck not present, so skipping root file system
[   21.110259] EXT4-fs (sda1): mounted filesystem with ordered data mode. Opts: (null)
done.
Begin: Running /scripts/local-bottom ... done.
Begin: Running /scripts/init-bottom ... done.
[   21.183098 sted[]: sstmd22runig in sysemmo. +PA +UDITSENUX +IMA APPARMOR +SMACK +SYSVINIT +UTMP +LIBCRYPTSETUP +GCRYPT +GNUTLS +ACL +XZ -LZ4 +SECCOMP +BLKID +ELFUTILS +KMOD -IDN)

[   21.769250] systemd[1]: Detected virtualization oracle.
[   21.771493] systemd[1]: Detected architecture x86-64.

Welcome to [1mUbuntu 16.04.5 LTS[0m!

[   21.783298] systemd[1]: Set hostname to <ubuntu-xenial>.
[   21.886244] systemd[1]: Reached target Encrypted Volumes.
[[0;32m  OK  [0m] Reached target Encrypted Volumes.
[   21.890429] systemd[1]: Set up automount Arbitrary Executable File Formats File System Automount Point.
[[0;32m  OK  [0m] Set up automount Arbitrary Executab...ats File System Automount Point.
[   21.896287] systemd[1]: Listening on Journal Audit Socket.
[[0;32m  OK  [0m] Listening on Journal Audit Socket.
[  2.21115] systed[1]: Listin o uev Kernelocet
[[0;32m  OK  [0m] Listening on udev Kernel Socket.
[  22.807472] systemd[1]: Created slice User and Session Slice.
[[0;32m  OK  [0m] Created slice User and Session Slice.
[   232124] system[1: rete sce Sysm ic. [[0;32m  OK  [0m] Created slice System Slice.
[   23.809929] systemd[1]: Created slice system-serial\x2dgetty.slce
[[0;32m  OK  [0m] Created slice system-serial\x2dgetty.slice.
[   24.175883]syem[1]: Raced art ysem Time Synrozed.
[[0;32m  OK  [0m] Reached target System Time Synchronized.
[   248265] sstmd1]Strtd Trigger resolvconf update for networkd DNS.
[[0;32m  OK  [0m] Started Trigger resolvconf update for networkd DNS.
[   25.059032] systemd[1]: Listening on Device-mapper event daemon FIFOs.
[[0;32m  OK  [0m] Listening on Device-mapper event daemon FIFOs.
[  25.30243] systemd[1]:Listening o L2 metaatdaemn cket.
[[0;32m  OK  [0m] Listening on LVM2 metadata daemon socket.
[   25.823419] systemd1]Lieng on Sylo Sckt.
[[0;32m  OK  [0m] Listening on Syslog Socket.
[  2.2987] sysmd1]Liteing on Jouna Sck. [[0;32m  OK  [0m] Listening on Journal Socket.
[   26.835223] systemd[1]: Mounting Debug File System...
[   26.891617] random: nonblocking pool is initialized
         Mounting Debug File System...
[   26.996776] systemd[1]: Mounting Huge Pages File System...
         Mounting Huge Pages File System...
[   27.079895] systemd[1]: Starting Remount Root and Kernel File Systems...
         Starting Remount Root and Kernel File Systems...
[   27.134418] EXT4-fs (sda1): re-mounted. Opts: (null)
[   27.136636] systemd[1]: Listening on LVM2 poll daemon socket.
[[0;32m  OK  [0m] Listening on LVM2 poll daemon socket.
[   27.141436] systemd[1]: Started Forward Password Requests to Wall Directory Watch.
[[0;32m  OK  [0m] Started Forward Password Requests to Wall Directory Watch.
[   27.147338] systemd[1]: Reached target User and Group Name Lookups.
[[0;32m  OK  [0m] Reached target User and Group Name Lookups.
[   27.155460] systemd[1]: Listening on Journal Socket (/dev/log).
[[0;32m  OK  [0m] Listening on Journal Socket (/dev/log).
[   27.174951] systemd[1]: Starting Journal Service...
         Starting Journal Service...
[   27.179985] systemd[1]: Starting Monitoring of LVM2 mirrors, snapshots etc. using dmeventd or progress polling...
         Starting Monitoring of LVM2 mirrors... dmeventd or progress polling...
[   27.215579] systemd[1]: Starting Create list of required static device nodes for the current kernel...
         Starting Create list of required st... nodes for the current kernel...
[   27.238160] systemd[1]: Listening on udev Control Socket.
[[0;32m  OK  [0m] Listening on udev Control Socket.
[   27.247348] systemd[1]: Starting Uncomplicated firewall...
         Starting Uncomplicated firewall...
[   27.258769] systemd[1]: Reached target Swap.
[[0;32m  OK  [0m] Reached target Swap.
[   27.265974] systemd[1]: Starting Load Kernel Modules...
         Starting Load Kernel Modules...
[   27.275036] systemd[1]: Starting Nameserver information manager...
         Starting Nameserver information manager...
[   27.286153] Loading iSCSI transport class v2.0-870.
[   27.287051] systemd[1]: Starting Set console keymap...
         Starting Set console keymap...
[   27.297489] systemd[1]: Mounting POSIX Message Queue File System...
         Mounting POSIX Message Queue File System...
[   27.307345] systemd[1]: Reached target Slices.
[[0;32m  OK  [0m] Reached targ[   27.319350] iscsi: registered transport (tcp)
et Slices.
[   27.423119] systemd[1]: Listening on /dev/initctl Compatibility Named Pipe.
[[0;32m  OK  [0m] Listening on[   27.494600] iscsi: registered transport (iser)
 /dev/initctl Compatibility Named Pipe.
[   27.616069] systemd[1]: Mounted Huge Pages File System.
[[0;32m  OK  [0m] Mounted Huge Pages File System.
[   27.763770] systemd[1]: Mounted Debug File System.
[[0;32m  OK  [0m] Mounted Debug File System.
[   27.891800] systemd[1]: Mounted POSIX Message Queue File System.
[[0;32m  OK  [0m] Mounted POSIX Message Queue File System.
[   28.103610] systemd[1]: Started Journal Service.
[[0;32m  OK  [0m] Started Journal Service.
[[0;32m  OK  [0m] Started Remount Root and Kernel File Systems.
[[0;32m  OK  [0m] Started Create list of required sta...ce nodes for the current kernel.
[[0;32m  OK  [0m] Started Uncomplicated firewall.
[[0;32m  OK  [0m] Started Load Kernel Modules.
[[0;32m  OK  [0m] Started Set console keymap.
[[0;32m  OK  [0m] Started Nameserver information manager.
[[0;32m  OK  [0m] Started LVM2 metadata daemon.
         Mounting FUSE Control File System...
         Starting Apply Kernel Variables...
         Starting Create Static Device Nodes in /dev...
         Starting udev Coldplug all Devices...
         Starting Load/Save Random Seed...
         Starting Flush Journal to Persistent Storage...
[[0;32m  OK  [0m] Mounted FUSE Control File System.
[[0;32m  OK  [0m] Started Apply Kernel Variables.
[[0;32m  OK  [0m] Started Create Static Device Nodes in /dev.
[[0;32m  OK  [0m] Started Load/Save Random Seed.
[[0;32m  OK  [0m] Started udev Coldplug all Devices.
[[0;32m  OK  [0m] Started Flush Journal to Persistent Storage.
[[0;32m  OK  [0m] Started Monitoring of LVM2 mirrors,...ng dmeventd or progress polling.
         Starting udev Kernel Device Manager...
[[0;32m  OK  [0m] Reached target Local File Systems (Pre).
[[0;32m  OK  [0m] Reached target Local File Systems.
         Starting Initial cloud-init job (pre-networking)...
         Starting Set console font and keymap...
         Starting Create Volatile Files and Directories...
         Starting Tell Plymouth To Write Out Runtime Data...
         Starting LSB: AppArmor initialization...
[[0;32m  OK  [0m] Started udev Kernel Device Manager.
[   21.757870] cloud-init[463]: Cloud-init v. 18.4-0ubuntu1~16.04.2 running 'init-local' at Fri, 08 Mar 2019 15:01:53 +0000. Up 21.53 seconds.
[[0;32m  OK  [0m] Started Create Volatile Files and Directories.
[[0;32m  OK  [0m] Started Set console font and keymap.
[[0;32m  OK  [0m] Started Tell Plymouth To Write Out Runtime Data.
[[0;32m  OK  [0m] Started Initial cloud-init job (pre-networking).
[[0;32m  OK  [0m] Found device /dev/ttyS0.
[[0;32m  OK  [0m] Listening on Load/Save RF Kill Switch Status /dev/rfkill Watch.
[[0;32m  OK  [0m] Reached target Network (Pre).
[[0;32m  OK  [0m] Created slice system-getty.slice.
         Starting Update UTMP about System Boot/Shutdown...
[[0;32m  OK  [0m] Started Dispatch Password Requests to Console Directory Watch.
[[0;32m  OK  [0m] Started LSB: AppArmor initialization.
         Starting Raise network interfaces...
[[0;32m  OK  [0m] Started ifup for enp0s3.
[[0;32m  OK  [0m] Started Update UTMP about System Boot/Shutdown.
[[0;32m  OK  [0m] Started Raise network interfaces.
[[0;32m  OK  [0m] Reached target Network.
         Starting Initial cloud-init job (metadata service crawler)...
[   23.041498] cloud-init[951]: Cloud-init v. 18.4-0ubuntu1~16.04.2 running 'init' at Fri, 08 Mar 2019 15:01:54 +0000. Up 22.85 seconds.
[[0;32m  OK  [0m] Started Initial cloud-init job (metadata service crawler).
[[0;32m  OK  [0m] Reached target Network is Online.
[   23.151430] cloud-init[951]: ci-info: ++++++++++++++++++++++++++++++++++++++Net device info++++++++++++++++++++++++++++++++++++++
[   23.316590] cloud-init[951]: ci-info: +--------+------+----------------------------+---------------+--------+-------------------+
[   23.417039] cloud-init[951]: ci-info: | Device |  Up  |          Address           |      Mask     | Scope  |     Hw-Address    |
[   23.520473] cloud-init[951]: ci-info: +--------+------+----------------------------+---------------+--------+-------------------+
         Starting iSCSI initiator daemon (iscsid)...
[[   23.581397] cloud-init[951]: ci-info: | enp0s3 | True |         10.0.2.15          | 255.255.255.0 | global | 02:a9:46:80:4d:77 |
[0;32m  OK  [0m[   23.621200] cloud-init[951]: ci-info: | enp0s3 | True | fe80::a9:46ff:fe80:4d77/64 |       .       |  link  | 02:a9:46:80:4d:77 |
] [   23.621842] cloud-init[951]: ci-info: |   lo   | True |         127.0.0.1          |   255.0.0.0   |  host  |         .         |
Reached target System Initialization.
[   23.621949] cloud-init[951]: ci-info: |   lo   | True |          ::1/128           |       .       |  host  |         .         |
[   23.736213] cloud-init[951]: ci-info: +--------+------+----------------------------+---------------+--------+-------------------+
         [   23.736751] cloud-init[951]: ci-info: +++++++++++++++++++++++++++Route IPv4 info++++++++++++++++++++++++++++
Starting Socket activation for snappy daemon.[   23.740649] cloud-init[951]: ci-info: +-------+-------------+----------+---------------+-----------+-------+

[   23.744580] cloud-init[951]: ci-info: | Route | Destination | Gateway  |    Genmask    | Interface | Flags |
[   23.745608] cloud-init[951]: ci-info: +-------+-------------+----------+---------------+-----------+-------+
[   23.754743] cloud-init[951]: ci-info: |   0   |   0.0.0.0   | 10.0.2.2 |    0.0.0.0    |   enp0s3  |   UG  |
         [   23.759293] cloud-init[951]: ci-info: |   1   |   10.0.2.0  | 0.0.0.0  | 255.255.255.0 |   enp0s3  |   U   |
Starting LXD - unix socket.[   23.759530] cloud-init[951]: ci-info: +-------+-------------+----------+---------------+-----------+-------+

[   23.762029] cloud-init[951]: ci-info: +++++++++++++++++++Route IPv6 info+++++++++++++++++++
[[   23.762118] cloud-init[951]: ci-info: +-------+-------------+---------+-----------+-------+
[0;32m  OK  [0m[   23.771049] cloud-init[951]: ci-info: | Route | Destination | Gateway | Interface | Flags |
] [   23.773483] cloud-init[951]: ci-info: +-------+-------------+---------+-----------+-------+
Listening on D-Bus System Message Bus Socket.[   23.775606] cloud-init[951]: ci-info: |   0   |  fe80::/64  |    ::   |   enp0s3  |   U   |

[   23.777741] cloud-init[951]: ci-info: |   3   |   ff00::/8  |    ::   |   enp0s3  |   U   |
[   23.932760] cloud-init[951]: ci-info: +-------+-------------+---------+-----------+-------+
[[0;32m  OK  [0m] Started ACPI Events Check.
[[0;32m  OK  [0m] Reached target Paths.
[[0;32m  OK  [0m] Started Daily apt download activities.
[[0;32m  OK  [0m] Listening on ACPID Listen Socket.
[[0;32m  OK  [0m] Started Daily Cleanup of Temporary Directories.
[[0;32m  OK  [0m] Listening on UUID daemon activation socket.
[[0;32m  OK  [0m] Started Daily apt upgrade and clean activities.
[[0;32m  OK  [0m] Reached target Timers.
[[0;32m  OK  [0m] Reached target Cloud-config availability.
[[0;32m  OK  [0m] Listening on Socket activation for snappy daemon.
[[0;32m  OK  [0m] Listening on LXD - unix socket.
[[0;32m  OK  [0m] Started iSCSI initiator daemon (iscsid).
         Starting Login to default iSCSI targets...
[[0;32m  OK  [0m] Reached target Sockets.
[[0;32m  OK  [0m] Reached target Basic System.
         Starting Login Service...
[[0;32m  OK  [0m] Started ACPI event daemon.
         Starting LSB: Record successful boot for GRUB...
         Starting Virtualbox guest utils...
[[0;32m  OK  [0m] Started Deferred execution scheduler.
[[0;32m  OK  [0m] Started FUSE filesystem for LXC.
         Starting LXD - container startup/shutdown...
         Starting /etc/rc.local Compatibility...
         Starting Accounts Service...
[[0;32m  OK  [0m] Started Regular background program processing daemon.
         Starting System Logging Service...
[[0;32m  OK  [0m] Started Unattended Upgrades Shutdown.
         Starting LSB: MD monitoring daemon...
[[0;32m  OK  [0m] Started D-Bus System Message Bus.
         Starting Snappy daemon...
         Starting OpenBSD Secure Shell server...
[[0;32m  OK  [0m] Started System Logging Service.
[[0;32m  OK  [0m] Started LXD - container startup/shutdown.
[[0;32m  OK  [0m] Started /etc/rc.local Compatibility.
[[0;32m  OK  [0m] Started OpenBSD Secure Shell server.
[[0;32m  OK  [0m] Started Snappy daemon.
[[0;32m  OK  [0m] Started Login to default iSCSI targets.
[[0;32m  OK  [0m] Started LSB: Record successful boot for GRUB.
[[0;32m  OK  [0m] Started Virtualbox guest utils.
[[0;32m  OK  [0m] Started LSB: MD monitoring daemon.
[[0;32m  OK  [0m] Started Login Service.
         Starting Authenticate and Authorize Users to Run Privileged Tasks...
[[0;32m  OK  [0m] Reached target Remote File Systems (Pre).
[[0;32m  OK  [0m] Reached target Remote File Systems.
         Starting Permit User Sessions...
         Starting LSB: daemon to balance interrupts for SMP systems...
         Starting LSB: Apache2 web server...
         Starting LSB: automatic crash report generation...
         Starting LSB: Set the CPU Frequency Scaling governor to "ondemand"...
         Starting Wait until snapd is fully seeded...
[[0;32m  OK  [0m] Started Permit User Sessions.
[[0;32m  OK  [0m] Started Wait until snapd is fully seeded.
[[0;32m  OK  [0m] Started Authenticate and Authorize Users to Run Privileged Tasks.
[[0;32m  OK  [0m] Started Accounts Service.
[[0;32m  OK  [0m] Started LSB: Set the CPU Frequency Scaling governor to "ondemand".
[[0;32m  OK  [0m] Started LSB: daemon to balance interrupts for SMP systems.
[[0;32m  OK  [0m] Started LSB: automatic crash report generation.
         Starting Apply the settings specified in cloud-config...
         Starting Hold until boot process finishes up...
         Starting Terminate Plymouth Boot Screen...
[[0;32m  OK  [0m] Started Hold until boot process finishes up.
[[0;32m  OK  [0m] Started Terminate Plymouth Boot Screen.
[[0;32m  OK  [0m] Started Getty on tty1.
[   25.837581] cloud-init[1189]: Cloud-init v. 18.4-0ubuntu1~16.04.2 running 'modules:config' at Fri, 08 Mar 2019 15:01:57 +0000. Up 25.77 seconds.
[[0;32m  OK  [0m] Started Serial Getty on ttyS0.
[[0;32m  OK  [0m] Reached target Login Prompts.
         Starting Set console scheme...
[[0;32m  OK  [0m] Started Apply the settings specified in cloud-config.
[[0;32m  OK  [0m] Started Set console scheme.
[[0;32m  OK  [0m] Created slice User Slice of vagrant.
         Starting User Manager for UID 1000...
[[0;32m  OK  [0m] Started User Manager for UID 1000.
[[0;32m  OK  [0m] Started Session 1 of user vagrant.
[[0;32m  OK  [0m] Started LSB: Apache2 web server.
[[0;32m  OK  [0m] Reached target Multi-User System.
[[0;32m  OK  [0m] Reached target Graphical Interface.
         Starting Update UTMP about System Runlevel Changes...
         Starting Execute cloud user/final scripts...
[[0;32m  OK  [0m] Started Update UTMP about System Runlevel Changes.
[   26.929671] cloud-init[1347]: Cloud-init v. 18.4-0ubuntu1~16.04.2 running 'modules:final' at Fri, 08 Mar 2019 15:01:58 +0000. Up 26.85 seconds.
[   27.040642] cloud-init[1347]: Cloud-init v. 18.4-0ubuntu1~16.04.2 finished at Fri, 08 Mar 2019 15:01:58 +0000. Datasource DataSourceNoCloud [seed=/dev/sdb][dsmode=net].  Up 26.92 seconds
[[0;32m  OK  [0m] Started Execute cloud user/final scripts.
[[0;32m  OK  [0m] Reached target Cloud-init target.

Ubuntu 16.04.5 LTS ubuntu-xenial ttyS0

ubuntu-xenial login: [[0;32m  OK  [0m] Stopped target Cloud-init tar         Stopping Snappy daemon...
[[0;32m  OK  [0m] Unmounted /var/lib/lxcfs.
[[0;32m  OK  [0m] Stopped Deferred execution scheduler.
[[0;32m  OK  [0m] Stopped ACPI event daemon.
[[0;32m  OK  [0m] Stopped Accounts Service.
[[0;32m  OK  [0m] Stopped Regular background program processing daemon.
[[0;32m  OK  [0m] Stopped System Logging Service.
[[0;32m  OK  [0m] Stopped Snappy daemon.
[[0;32m  OK  [0m] Stopped OpenBSD Secure Shell server.
[[0;32m  OK  [0m] Stopped Authenticate and Authorize Users to Run Privileged Tasks.
[[0;32m  OK  [0m] Stopped Getty on tty1.
[[0;32m  OK  [0m] Stopped Serial Getty on ttyS0.
[[0;32m  OK  [0m] Stopped User Manager for UID 1000.
[[0;32m  OK  [0m] Stopped Session 2 of user vagrant.
[[0;32m  OK  [0m] Stopped D-Bus System Message Bus.
[[0;32m  OK  [0m] Stopped Unattended Upgrades Shutdown.
[[0;32m  OK  [0m] Stopped FUSE filesystem for LXC.
[[0;32m  OK  [0m] Stopped LSB: MD monitoring daemon.
[[0;32m  OK  [0m] Stopped LSB: Set the CPU Frequency Scaling governor to "ondemand".
[[0;32m  OK  [0m] Stopped LSB: daemon to balance interrupts for SMP systems.
[[0;32m  OK  [0m] Stopped LXD - container startup/shutdown.
[[0;32m  OK  [0m] Stopped LSB: Record successful boot for GRUB.
[[0;32m  OK  [0m] Stopped LSB: automatic crash report generation.
[[0;32m  OK  [0m] Stopped Virtualbox guest utils.
[[0;32m  OK  [0m] Removed slice User Slice of vagrant.
         Stopping Login Service...
[[0;32m  OK  [0m] Removed slice system-serial\x2dgetty.slice.
         Stopping Permit User Sessions...
[[0;32m  OK  [0m] Stopped /etc/rc.local Compatibility.
[[0;32m  OK  [0m] Removed slice system-getty.slice.
[[0;32m  OK  [0m] Stopped Login Service.
[[0;32m  OK  [0m] Stopped Permit User Sessions.
[[0;32m  OK  [0m] Stopped target User and Group Name Lookups.
[[0;32m  OK  [0m] Stopped LSB: Apache2 web server.
[[0;32m  OK  [0m] Stopped target Basic System.
[[0;32m  OK  [0m] Stopped target Paths.
[[0;32m  OK  [0m] Stopped ACPI Events Check.
[[0;32m  OK  [0m] Stopped Forward Password Requests to Wall Directory Watch.
[[0;32m  OK  [0m] Stopped Dispatch Password Requests to Console Directory Watch.
[[0;32m  OK  [0m] Stopped target Sockets.
[[0;32m  OK  [0m] Closed Syslog Socket.
[[0;32m  OK  [0m] Closed LXD - unix socket.
[[0;32m  OK  [0m] Closed Socket activation for snappy daemon.
[[0;32m  OK  [0m] Closed ACPID Listen Socket.
[[0;32m  OK  [0m] Closed D-Bus System Message Bus Socket.
[[0;32m  OK  [0m] Closed UUID daemon activation socket.
[[0;32m  OK  [0m] Stopped target Slices.
[[0;32m  OK  [0m] Removed slice User and Session Slice.
[[0;32m  OK  [0m] Stopped target System Initialization.
         Stopping Load/Save Random Seed...
[[0;32m  OK  [0m] Stopped target Swap.
[[0;32m  OK  [0m] Stopped target Encrypted Volumes.
         Stopping Update UTMP about System Boot/Shutdown...
[[0;32m  OK  [0m] Stopped target Remote File Systems.
[[0;32m  OK  [0m] Stopped target Remote File Systems (Pre).
         Stopping Login to default iSCSI targets...
[[0;32m  OK  [0m] Stopped Load/Save Random Seed.
[[0;32m  OK  [0m] Stopped Update UTMP about System Boot/Shutdown.
[[0;32m  OK  [0m] Stopped Login to default iSCSI targets.
         Stopping iSCSI initiator daemon (iscsid)...
[[0;32m  OK  [0m] Stopped Create Volatile Files and Directories.
[[0;32m  OK  [0m] Stopped iSCSI initiator daemon (iscsid).
[[0;32m  OK  [0m] Stopped target Network is Online.
[[0;32m  OK  [0m] Stopped Initial cloud-init job (metadata service crawler).
[[0;32m  OK  [0m] Stopped target Network.
         Stopping Raise network interfaces...
[[0;32m  OK  [0m] Stopped Raise network interfaces.
[[0;32m  OK  [0m] Stopped target Network (Pre).
[[0;32m  OK  [0m] Stopped Initial cloud-init job (pre-networking).
[[0;32m  OK  [0m] Stopped Apply Kernel Variables.
[[0;32m  OK  [0m] Stopped Load Kernel Modules.
[[0;32m  OK  [0m] Stopped target Local File Systems.
         Unmounting /run/user/1000...
         Unmounting /var/www/html...
[[0;32m  OK  [0m] Unmounted /run/user/1000.
[[0;32m  OK  [0m] Unmounted /var/www/html.
[[0;32m  OK  [0m] Reached target Unmount All Filesystems.
[[0;32m  OK  [0m] Stopped target Local File Systems (Pre).
         Stopping Monitoring of LVM2 mirrors... dmeventd or progress polling...
[[0;32m  OK  [0m] Stopped Create Static Device Nodes in /dev.
[[0;32m  OK  [0m] Stopped Remount Root and Kernel File Systems.
[[0;32m  OK  [0m] Reached target Shutdown.
[  307.823] bot:Poer dwn

